{"C:\\Users\\Karim\\Desktop\\scrape2sheets\\backend\\middleware\\auth.js": {"path":"C:\\Users\\Karim\\Desktop\\scrape2sheets\\backend\\middleware\\auth.js","statementMap":{"0":{"start":{"line":1,"column":21},"end":{"line":1,"column":60}},"1":{"start":{"line":2,"column":15},"end":{"line":2,"column":41}},"2":{"start":{"line":10,"column":2},"end":{"line":65,"column":3}},"3":{"start":{"line":12,"column":23},"end":{"line":12,"column":48}},"4":{"start":{"line":14,"column":4},"end":{"line":20,"column":5}},"5":{"start":{"line":15,"column":6},"end":{"line":15,"column":68}},"6":{"start":{"line":16,"column":6},"end":{"line":19,"column":9}},"7":{"start":{"line":22,"column":18},"end":{"line":22,"column":41}},"8":{"start":{"line":24,"column":4},"end":{"line":30,"column":5}},"9":{"start":{"line":25,"column":6},"end":{"line":25,"column":40}},"10":{"start":{"line":26,"column":6},"end":{"line":29,"column":9}},"11":{"start":{"line":33,"column":38},"end":{"line":33,"column":72}},"12":{"start":{"line":35,"column":4},"end":{"line":41,"column":5}},"13":{"start":{"line":36,"column":6},"end":{"line":36,"column":58}},"14":{"start":{"line":37,"column":6},"end":{"line":40,"column":9}},"15":{"start":{"line":43,"column":4},"end":{"line":49,"column":5}},"16":{"start":{"line":44,"column":6},"end":{"line":44,"column":52}},"17":{"start":{"line":45,"column":6},"end":{"line":48,"column":9}},"18":{"start":{"line":52,"column":4},"end":{"line":52,"column":25}},"19":{"start":{"line":53,"column":4},"end":{"line":53,"column":20}},"20":{"start":{"line":54,"column":4},"end":{"line":54,"column":28}},"21":{"start":{"line":56,"column":4},"end":{"line":56,"column":86}},"22":{"start":{"line":58,"column":4},"end":{"line":58,"column":11}},"23":{"start":{"line":60,"column":4},"end":{"line":60,"column":56}},"24":{"start":{"line":61,"column":4},"end":{"line":64,"column":7}},"25":{"start":{"line":68,"column":0},"end":{"line":70,"column":2}}},"fnMap":{"0":{"name":"requireAuth","decl":{"start":{"line":9,"column":15},"end":{"line":9,"column":26}},"loc":{"start":{"line":9,"column":43},"end":{"line":66,"column":1}},"line":9}},"branchMap":{"0":{"loc":{"start":{"line":14,"column":4},"end":{"line":20,"column":5}},"type":"if","locations":[{"start":{"line":14,"column":4},"end":{"line":20,"column":5}},{"start":{},"end":{}}],"line":14},"1":{"loc":{"start":{"line":14,"column":8},"end":{"line":14,"column":56}},"type":"binary-expr","locations":[{"start":{"line":14,"column":8},"end":{"line":14,"column":19}},{"start":{"line":14,"column":23},"end":{"line":14,"column":56}}],"line":14},"2":{"loc":{"start":{"line":24,"column":4},"end":{"line":30,"column":5}},"type":"if","locations":[{"start":{"line":24,"column":4},"end":{"line":30,"column":5}},{"start":{},"end":{}}],"line":24},"3":{"loc":{"start":{"line":35,"column":4},"end":{"line":41,"column":5}},"type":"if","locations":[{"start":{"line":35,"column":4},"end":{"line":41,"column":5}},{"start":{},"end":{}}],"line":35},"4":{"loc":{"start":{"line":43,"column":4},"end":{"line":49,"column":5}},"type":"if","locations":[{"start":{"line":43,"column":4},"end":{"line":49,"column":5}},{"start":{},"end":{}}],"line":43}},"s":{"0":1,"1":1,"2":7,"3":7,"4":7,"5":2,"6":2,"7":5,"8":5,"9":1,"10":1,"11":4,"12":3,"13":1,"14":1,"15":2,"16":1,"17":1,"18":1,"19":1,"20":1,"21":1,"22":1,"23":1,"24":1,"25":1},"f":{"0":7},"b":{"0":[2,5],"1":[7,6],"2":[1,4],"3":[1,2],"4":[1,1]},"_coverageSchema":"1a1c01bbd47fc00a2c39e90264f33305004495a9","hash":"9100a1d6e3823f7b187fae5eb524074cee4e4ac6"}
,"C:\\Users\\Karim\\Desktop\\scrape2sheets\\backend\\middleware\\rate-limit.js": {"path":"C:\\Users\\Karim\\Desktop\\scrape2sheets\\backend\\middleware\\rate-limit.js","statementMap":{"0":{"start":{"line":1,"column":18},"end":{"line":1,"column":47}},"1":{"start":{"line":2,"column":15},"end":{"line":2,"column":41}},"2":{"start":{"line":23,"column":25},"end":{"line":37,"column":1}},"3":{"start":{"line":24,"column":21},"end":{"line":24,"column":43}},"4":{"start":{"line":25,"column":2},"end":{"line":30,"column":5}},"5":{"start":{"line":32,"column":2},"end":{"line":36,"column":5}},"6":{"start":{"line":40,"column":20},"end":{"line":50,"column":1}},"7":{"start":{"line":42,"column":20},"end":{"line":42,"column":50}},"8":{"start":{"line":43,"column":2},"end":{"line":46,"column":3}},"9":{"start":{"line":45,"column":4},"end":{"line":45,"column":42}},"10":{"start":{"line":49,"column":2},"end":{"line":49,"column":61}},"11":{"start":{"line":53,"column":21},"end":{"line":60,"column":1}},"12":{"start":{"line":55,"column":2},"end":{"line":57,"column":3}},"13":{"start":{"line":56,"column":4},"end":{"line":56,"column":33}},"14":{"start":{"line":59,"column":2},"end":{"line":59,"column":34}},"15":{"start":{"line":63,"column":23},"end":{"line":78,"column":2}},"16":{"start":{"line":76,"column":4},"end":{"line":76,"column":34}},"17":{"start":{"line":81,"column":20},"end":{"line":104,"column":2}},"18":{"start":{"line":91,"column":4},"end":{"line":95,"column":7}},"19":{"start":{"line":96,"column":4},"end":{"line":100,"column":7}},"20":{"start":{"line":107,"column":22},"end":{"line":129,"column":2}},"21":{"start":{"line":117,"column":19},"end":{"line":117,"column":41}},"22":{"start":{"line":118,"column":4},"end":{"line":121,"column":7}},"23":{"start":{"line":122,"column":4},"end":{"line":126,"column":7}},"24":{"start":{"line":132,"column":22},"end":{"line":154,"column":2}},"25":{"start":{"line":142,"column":19},"end":{"line":142,"column":41}},"26":{"start":{"line":143,"column":4},"end":{"line":146,"column":7}},"27":{"start":{"line":147,"column":4},"end":{"line":151,"column":7}},"28":{"start":{"line":156,"column":0},"end":{"line":161,"column":2}}},"fnMap":{"0":{"name":"(anonymous_0)","decl":{"start":{"line":23,"column":25},"end":{"line":23,"column":26}},"loc":{"start":{"line":23,"column":39},"end":{"line":37,"column":1}},"line":23},"1":{"name":"(anonymous_1)","decl":{"start":{"line":40,"column":20},"end":{"line":40,"column":21}},"loc":{"start":{"line":40,"column":29},"end":{"line":50,"column":1}},"line":40},"2":{"name":"(anonymous_2)","decl":{"start":{"line":53,"column":21},"end":{"line":53,"column":22}},"loc":{"start":{"line":53,"column":30},"end":{"line":60,"column":1}},"line":53},"3":{"name":"(anonymous_3)","decl":{"start":{"line":74,"column":8},"end":{"line":74,"column":9}},"loc":{"start":{"line":74,"column":17},"end":{"line":77,"column":3}},"line":74},"4":{"name":"(anonymous_4)","decl":{"start":{"line":90,"column":11},"end":{"line":90,"column":12}},"loc":{"start":{"line":90,"column":25},"end":{"line":101,"column":3}},"line":90},"5":{"name":"(anonymous_5)","decl":{"start":{"line":116,"column":11},"end":{"line":116,"column":12}},"loc":{"start":{"line":116,"column":25},"end":{"line":127,"column":3}},"line":116},"6":{"name":"(anonymous_6)","decl":{"start":{"line":141,"column":11},"end":{"line":141,"column":12}},"loc":{"start":{"line":141,"column":25},"end":{"line":152,"column":3}},"line":141}},"branchMap":{"0":{"loc":{"start":{"line":24,"column":21},"end":{"line":24,"column":43}},"type":"binary-expr","locations":[{"start":{"line":24,"column":21},"end":{"line":24,"column":33}},{"start":{"line":24,"column":37},"end":{"line":24,"column":43}}],"line":24},"1":{"loc":{"start":{"line":43,"column":2},"end":{"line":46,"column":3}},"type":"if","locations":[{"start":{"line":43,"column":2},"end":{"line":46,"column":3}},{"start":{},"end":{}}],"line":43},"2":{"loc":{"start":{"line":49,"column":9},"end":{"line":49,"column":60}},"type":"binary-expr","locations":[{"start":{"line":49,"column":9},"end":{"line":49,"column":15}},{"start":{"line":49,"column":19},"end":{"line":49,"column":47}},{"start":{"line":49,"column":51},"end":{"line":49,"column":60}}],"line":49},"3":{"loc":{"start":{"line":55,"column":2},"end":{"line":57,"column":3}},"type":"if","locations":[{"start":{"line":55,"column":2},"end":{"line":57,"column":3}},{"start":{},"end":{}}],"line":55},"4":{"loc":{"start":{"line":117,"column":19},"end":{"line":117,"column":41}},"type":"binary-expr","locations":[{"start":{"line":117,"column":19},"end":{"line":117,"column":31}},{"start":{"line":117,"column":35},"end":{"line":117,"column":41}}],"line":117},"5":{"loc":{"start":{"line":142,"column":19},"end":{"line":142,"column":41}},"type":"binary-expr","locations":[{"start":{"line":142,"column":19},"end":{"line":142,"column":31}},{"start":{"line":142,"column":35},"end":{"line":142,"column":41}}],"line":142}},"s":{"0":1,"1":1,"2":1,"3":0,"4":0,"5":0,"6":1,"7":3,"8":3,"9":1,"10":2,"11":1,"12":6,"13":3,"14":3,"15":1,"16":5,"17":1,"18":0,"19":0,"20":1,"21":0,"22":0,"23":0,"24":1,"25":0,"26":0,"27":0,"28":1},"f":{"0":0,"1":3,"2":6,"3":5,"4":0,"5":0,"6":0},"b":{"0":[0,0],"1":[1,2],"2":[2,0,0],"3":[3,3],"4":[0,0],"5":[0,0]},"_coverageSchema":"1a1c01bbd47fc00a2c39e90264f33305004495a9","hash":"90ad7533895ffb7955c6ced154922e5cc977d240"}
,"C:\\Users\\Karim\\Desktop\\scrape2sheets\\backend\\routes\\auth.js": {"path":"C:\\Users\\Karim\\Desktop\\scrape2sheets\\backend\\routes\\auth.js","statementMap":{"0":{"start":{"line":1,"column":16},"end":{"line":1,"column":34}},"1":{"start":{"line":2,"column":21},"end":{"line":2,"column":60}},"2":{"start":{"line":3,"column":24},"end":{"line":3,"column":53}},"3":{"start":{"line":4,"column":15},"end":{"line":4,"column":41}},"4":{"start":{"line":6,"column":15},"end":{"line":6,"column":31}},"5":{"start":{"line":12,"column":0},"end":{"line":55,"column":3}},"6":{"start":{"line":13,"column":2},"end":{"line":54,"column":3}},"7":{"start":{"line":14,"column":4},"end":{"line":14,"column":67}},"8":{"start":{"line":17,"column":24},"end":{"line":17,"column":48}},"9":{"start":{"line":18,"column":24},"end":{"line":20,"column":31}},"10":{"start":{"line":22,"column":28},"end":{"line":32,"column":6}},"11":{"start":{"line":34,"column":4},"end":{"line":40,"column":5}},"12":{"start":{"line":35,"column":6},"end":{"line":35,"column":64}},"13":{"start":{"line":36,"column":6},"end":{"line":39,"column":9}},"14":{"start":{"line":42,"column":4},"end":{"line":42,"column":59}},"15":{"start":{"line":44,"column":4},"end":{"line":47,"column":7}},"16":{"start":{"line":49,"column":4},"end":{"line":49,"column":66}},"17":{"start":{"line":50,"column":4},"end":{"line":53,"column":7}},"18":{"start":{"line":62,"column":0},"end":{"line":202,"column":3}},"19":{"start":{"line":63,"column":2},"end":{"line":201,"column":3}},"20":{"start":{"line":64,"column":28},"end":{"line":64,"column":36}},"21":{"start":{"line":66,"column":4},"end":{"line":72,"column":5}},"22":{"start":{"line":67,"column":6},"end":{"line":67,"column":60}},"23":{"start":{"line":68,"column":6},"end":{"line":71,"column":9}},"24":{"start":{"line":74,"column":4},"end":{"line":74,"column":52}},"25":{"start":{"line":77,"column":16},"end":{"line":77,"column":36}},"26":{"start":{"line":78,"column":23},"end":{"line":78,"column":65}},"27":{"start":{"line":79,"column":24},"end":{"line":79,"column":54}},"28":{"start":{"line":80,"column":25},"end":{"line":80,"column":56}},"29":{"start":{"line":81,"column":26},"end":{"line":81,"column":58}},"30":{"start":{"line":82,"column":33},"end":{"line":82,"column":73}},"31":{"start":{"line":84,"column":4},"end":{"line":90,"column":5}},"32":{"start":{"line":85,"column":6},"end":{"line":85,"column":61}},"33":{"start":{"line":86,"column":6},"end":{"line":89,"column":9}},"34":{"start":{"line":92,"column":4},"end":{"line":95,"column":7}},"35":{"start":{"line":98,"column":49},"end":{"line":98,"column":89}},"36":{"start":{"line":100,"column":4},"end":{"line":106,"column":5}},"37":{"start":{"line":101,"column":6},"end":{"line":101,"column":60}},"38":{"start":{"line":102,"column":6},"end":{"line":105,"column":9}},"39":{"start":{"line":108,"column":4},"end":{"line":108,"column":86}},"40":{"start":{"line":111,"column":35},"end":{"line":115,"column":15}},"41":{"start":{"line":119,"column":4},"end":{"line":172,"column":5}},"42":{"start":{"line":121,"column":6},"end":{"line":121,"column":58}},"43":{"start":{"line":122,"column":52},"end":{"line":138,"column":17}},"44":{"start":{"line":140,"column":6},"end":{"line":146,"column":7}},"45":{"start":{"line":141,"column":8},"end":{"line":141,"column":65}},"46":{"start":{"line":142,"column":8},"end":{"line":145,"column":11}},"47":{"start":{"line":148,"column":6},"end":{"line":148,"column":23}},"48":{"start":{"line":151,"column":6},"end":{"line":151,"column":69}},"49":{"start":{"line":152,"column":25},"end":{"line":154,"column":7}},"50":{"start":{"line":157,"column":6},"end":{"line":159,"column":7}},"51":{"start":{"line":158,"column":8},"end":{"line":158,"column":57}},"52":{"start":{"line":160,"column":6},"end":{"line":162,"column":7}},"53":{"start":{"line":161,"column":8},"end":{"line":161,"column":72}},"54":{"start":{"line":164,"column":32},"end":{"line":169,"column":17}},"55":{"start":{"line":171,"column":6},"end":{"line":171,"column":39}},"56":{"start":{"line":175,"column":4},"end":{"line":194,"column":7}},"57":{"start":{"line":196,"column":4},"end":{"line":196,"column":57}},"58":{"start":{"line":197,"column":4},"end":{"line":200,"column":7}},"59":{"start":{"line":208,"column":0},"end":{"line":231,"column":3}},"60":{"start":{"line":209,"column":2},"end":{"line":230,"column":3}},"61":{"start":{"line":210,"column":4},"end":{"line":210,"column":68}},"62":{"start":{"line":213,"column":22},"end":{"line":213,"column":51}},"63":{"start":{"line":215,"column":4},"end":{"line":218,"column":5}},"64":{"start":{"line":216,"column":6},"end":{"line":216,"column":54}},"65":{"start":{"line":220,"column":4},"end":{"line":223,"column":7}},"66":{"start":{"line":225,"column":4},"end":{"line":225,"column":57}},"67":{"start":{"line":226,"column":4},"end":{"line":229,"column":7}},"68":{"start":{"line":233,"column":0},"end":{"line":233,"column":24}}},"fnMap":{"0":{"name":"(anonymous_0)","decl":{"start":{"line":12,"column":26},"end":{"line":12,"column":27}},"loc":{"start":{"line":12,"column":46},"end":{"line":55,"column":1}},"line":12},"1":{"name":"(anonymous_1)","decl":{"start":{"line":62,"column":25},"end":{"line":62,"column":26}},"loc":{"start":{"line":62,"column":45},"end":{"line":202,"column":1}},"line":62},"2":{"name":"(anonymous_2)","decl":{"start":{"line":208,"column":37},"end":{"line":208,"column":38}},"loc":{"start":{"line":208,"column":57},"end":{"line":231,"column":1}},"line":208}},"branchMap":{"0":{"loc":{"start":{"line":18,"column":24},"end":{"line":20,"column":31}},"type":"cond-expr","locations":[{"start":{"line":19,"column":8},"end":{"line":19,"column":49}},{"start":{"line":20,"column":8},"end":{"line":20,"column":31}}],"line":18},"1":{"loc":{"start":{"line":34,"column":4},"end":{"line":40,"column":5}},"type":"if","locations":[{"start":{"line":34,"column":4},"end":{"line":40,"column":5}},{"start":{},"end":{}}],"line":34},"2":{"loc":{"start":{"line":66,"column":4},"end":{"line":72,"column":5}},"type":"if","locations":[{"start":{"line":66,"column":4},"end":{"line":72,"column":5}},{"start":{},"end":{}}],"line":66},"3":{"loc":{"start":{"line":84,"column":4},"end":{"line":90,"column":5}},"type":"if","locations":[{"start":{"line":84,"column":4},"end":{"line":90,"column":5}},{"start":{},"end":{}}],"line":84},"4":{"loc":{"start":{"line":100,"column":4},"end":{"line":106,"column":5}},"type":"if","locations":[{"start":{"line":100,"column":4},"end":{"line":106,"column":5}},{"start":{},"end":{}}],"line":100},"5":{"loc":{"start":{"line":100,"column":8},"end":{"line":100,"column":26}},"type":"binary-expr","locations":[{"start":{"line":100,"column":8},"end":{"line":100,"column":17}},{"start":{"line":100,"column":21},"end":{"line":100,"column":26}}],"line":100},"6":{"loc":{"start":{"line":119,"column":4},"end":{"line":172,"column":5}},"type":"if","locations":[{"start":{"line":119,"column":4},"end":{"line":172,"column":5}},{"start":{"line":149,"column":11},"end":{"line":172,"column":5}}],"line":119},"7":{"loc":{"start":{"line":140,"column":6},"end":{"line":146,"column":7}},"type":"if","locations":[{"start":{"line":140,"column":6},"end":{"line":146,"column":7}},{"start":{},"end":{}}],"line":140},"8":{"loc":{"start":{"line":157,"column":6},"end":{"line":159,"column":7}},"type":"if","locations":[{"start":{"line":157,"column":6},"end":{"line":159,"column":7}},{"start":{},"end":{}}],"line":157},"9":{"loc":{"start":{"line":160,"column":6},"end":{"line":162,"column":7}},"type":"if","locations":[{"start":{"line":160,"column":6},"end":{"line":162,"column":7}},{"start":{},"end":{}}],"line":160},"10":{"loc":{"start":{"line":171,"column":15},"end":{"line":171,"column":38}},"type":"binary-expr","locations":[{"start":{"line":171,"column":15},"end":{"line":171,"column":22}},{"start":{"line":171,"column":26},"end":{"line":171,"column":38}}],"line":171},"11":{"loc":{"start":{"line":185,"column":14},"end":{"line":185,"column":57}},"type":"binary-expr","locations":[{"start":{"line":185,"column":14},"end":{"line":185,"column":43}},{"start":{"line":185,"column":47},"end":{"line":185,"column":57}}],"line":185},"12":{"loc":{"start":{"line":215,"column":4},"end":{"line":218,"column":5}},"type":"if","locations":[{"start":{"line":215,"column":4},"end":{"line":218,"column":5}},{"start":{},"end":{}}],"line":215}},"s":{"0":0,"1":0,"2":0,"3":0,"4":0,"5":0,"6":0,"7":0,"8":0,"9":0,"10":0,"11":0,"12":0,"13":0,"14":0,"15":0,"16":0,"17":0,"18":0,"19":0,"20":0,"21":0,"22":0,"23":0,"24":0,"25":0,"26":0,"27":0,"28":0,"29":0,"30":0,"31":0,"32":0,"33":0,"34":0,"35":0,"36":0,"37":0,"38":0,"39":0,"40":0,"41":0,"42":0,"43":0,"44":0,"45":0,"46":0,"47":0,"48":0,"49":0,"50":0,"51":0,"52":0,"53":0,"54":0,"55":0,"56":0,"57":0,"58":0,"59":0,"60":0,"61":0,"62":0,"63":0,"64":0,"65":0,"66":0,"67":0,"68":0},"f":{"0":0,"1":0,"2":0},"b":{"0":[0,0],"1":[0,0],"2":[0,0],"3":[0,0],"4":[0,0],"5":[0,0],"6":[0,0],"7":[0,0],"8":[0,0],"9":[0,0],"10":[0,0],"11":[0,0],"12":[0,0]}}
,"C:\\Users\\Karim\\Desktop\\scrape2sheets\\backend\\routes\\billing.js": {"path":"C:\\Users\\Karim\\Desktop\\scrape2sheets\\backend\\routes\\billing.js","statementMap":{"0":{"start":{"line":1,"column":16},"end":{"line":1,"column":34}},"1":{"start":{"line":2,"column":15},"end":{"line":2,"column":32}},"2":{"start":{"line":3,"column":24},"end":{"line":3,"column":53}},"3":{"start":{"line":4,"column":21},"end":{"line":4,"column":60}},"4":{"start":{"line":5,"column":15},"end":{"line":5,"column":41}},"5":{"start":{"line":7,"column":15},"end":{"line":7,"column":31}},"6":{"start":{"line":10,"column":13},"end":{"line":10,"column":17}},"7":{"start":{"line":11,"column":0},"end":{"line":20,"column":1}},"8":{"start":{"line":12,"column":2},"end":{"line":17,"column":3}},"9":{"start":{"line":13,"column":4},"end":{"line":13,"column":55}},"10":{"start":{"line":14,"column":4},"end":{"line":14,"column":55}},"11":{"start":{"line":16,"column":4},"end":{"line":16,"column":81}},"12":{"start":{"line":19,"column":2},"end":{"line":19,"column":114}},"13":{"start":{"line":24,"column":20},"end":{"line":24,"column":22}},"14":{"start":{"line":26,"column":0},"end":{"line":34,"column":1}},"15":{"start":{"line":27,"column":2},"end":{"line":31,"column":4}},"16":{"start":{"line":33,"column":2},"end":{"line":33,"column":83}},"17":{"start":{"line":36,"column":0},"end":{"line":44,"column":1}},"18":{"start":{"line":37,"column":2},"end":{"line":41,"column":4}},"19":{"start":{"line":43,"column":2},"end":{"line":43,"column":79}},"20":{"start":{"line":47,"column":0},"end":{"line":55,"column":3}},"21":{"start":{"line":54,"column":57},"end":{"line":54,"column":84}},"22":{"start":{"line":61,"column":0},"end":{"line":227,"column":3}},"23":{"start":{"line":62,"column":2},"end":{"line":226,"column":3}},"24":{"start":{"line":64,"column":4},"end":{"line":70,"column":5}},"25":{"start":{"line":65,"column":6},"end":{"line":65,"column":93}},"26":{"start":{"line":66,"column":6},"end":{"line":69,"column":9}},"27":{"start":{"line":72,"column":4},"end":{"line":78,"column":5}},"28":{"start":{"line":73,"column":6},"end":{"line":73,"column":56}},"29":{"start":{"line":74,"column":6},"end":{"line":77,"column":9}},"30":{"start":{"line":80,"column":24},"end":{"line":80,"column":32}},"31":{"start":{"line":82,"column":4},"end":{"line":85,"column":7}},"32":{"start":{"line":87,"column":4},"end":{"line":90,"column":5}},"33":{"start":{"line":88,"column":6},"end":{"line":88,"column":58}},"34":{"start":{"line":89,"column":6},"end":{"line":89,"column":80}},"35":{"start":{"line":93,"column":26},"end":{"line":93,"column":50}},"36":{"start":{"line":95,"column":4},"end":{"line":107,"column":5}},"37":{"start":{"line":96,"column":6},"end":{"line":102,"column":9}},"38":{"start":{"line":100,"column":53},"end":{"line":100,"column":80}},"39":{"start":{"line":103,"column":6},"end":{"line":106,"column":9}},"40":{"start":{"line":110,"column":45},"end":{"line":114,"column":15}},"41":{"start":{"line":116,"column":4},"end":{"line":118,"column":5}},"42":{"start":{"line":117,"column":6},"end":{"line":117,"column":79}},"43":{"start":{"line":121,"column":21},"end":{"line":121,"column":44}},"44":{"start":{"line":123,"column":4},"end":{"line":158,"column":5}},"45":{"start":{"line":125,"column":43},"end":{"line":125,"column":92}},"46":{"start":{"line":127,"column":23},"end":{"line":130,"column":8}},"47":{"start":{"line":131,"column":6},"end":{"line":131,"column":31}},"48":{"start":{"line":133,"column":6},"end":{"line":136,"column":30}},"49":{"start":{"line":139,"column":6},"end":{"line":157,"column":7}},"50":{"start":{"line":140,"column":8},"end":{"line":140,"column":52}},"51":{"start":{"line":142,"column":8},"end":{"line":142,"column":135}},"52":{"start":{"line":145,"column":45},"end":{"line":145,"column":94}},"53":{"start":{"line":146,"column":25},"end":{"line":149,"column":10}},"54":{"start":{"line":150,"column":8},"end":{"line":150,"column":33}},"55":{"start":{"line":153,"column":8},"end":{"line":156,"column":32}},"56":{"start":{"line":161,"column":20},"end":{"line":171,"column":6}},"57":{"start":{"line":173,"column":4},"end":{"line":178,"column":7}},"58":{"start":{"line":180,"column":4},"end":{"line":189,"column":5}},"59":{"start":{"line":181,"column":6},"end":{"line":184,"column":9}},"60":{"start":{"line":185,"column":6},"end":{"line":188,"column":9}},"61":{"start":{"line":191,"column":4},"end":{"line":191,"column":50}},"62":{"start":{"line":193,"column":4},"end":{"line":200,"column":7}},"63":{"start":{"line":203,"column":23},"end":{"line":203,"column":58}},"64":{"start":{"line":204,"column":21},"end":{"line":204,"column":24}},"65":{"start":{"line":207,"column":4},"end":{"line":218,"column":5}},"66":{"start":{"line":208,"column":6},"end":{"line":208,"column":97}},"67":{"start":{"line":209,"column":6},"end":{"line":209,"column":23}},"68":{"start":{"line":210,"column":11},"end":{"line":218,"column":5}},"69":{"start":{"line":211,"column":6},"end":{"line":211,"column":81}},"70":{"start":{"line":212,"column":6},"end":{"line":212,"column":23}},"71":{"start":{"line":213,"column":11},"end":{"line":218,"column":5}},"72":{"start":{"line":214,"column":6},"end":{"line":214,"column":65}},"73":{"start":{"line":215,"column":6},"end":{"line":215,"column":23}},"74":{"start":{"line":216,"column":11},"end":{"line":218,"column":5}},"75":{"start":{"line":217,"column":6},"end":{"line":217,"column":35}},"76":{"start":{"line":221,"column":4},"end":{"line":223,"column":5}},"77":{"start":{"line":222,"column":6},"end":{"line":222,"column":90}},"78":{"start":{"line":225,"column":4},"end":{"line":225,"column":73}},"79":{"start":{"line":233,"column":0},"end":{"line":266,"column":3}},"80":{"start":{"line":234,"column":2},"end":{"line":265,"column":3}},"81":{"start":{"line":236,"column":4},"end":{"line":242,"column":5}},"82":{"start":{"line":237,"column":6},"end":{"line":237,"column":85}},"83":{"start":{"line":238,"column":6},"end":{"line":241,"column":9}},"84":{"start":{"line":244,"column":34},"end":{"line":248,"column":15}},"85":{"start":{"line":250,"column":4},"end":{"line":252,"column":5}},"86":{"start":{"line":251,"column":6},"end":{"line":251,"column":114}},"87":{"start":{"line":254,"column":20},"end":{"line":257,"column":6}},"88":{"start":{"line":259,"column":4},"end":{"line":259,"column":76}},"89":{"start":{"line":261,"column":4},"end":{"line":261,"column":50}},"90":{"start":{"line":263,"column":4},"end":{"line":263,"column":51}},"91":{"start":{"line":264,"column":4},"end":{"line":264,"column":87}},"92":{"start":{"line":272,"column":0},"end":{"line":299,"column":3}},"93":{"start":{"line":273,"column":2},"end":{"line":298,"column":3}},"94":{"start":{"line":274,"column":34},"end":{"line":278,"column":15}},"95":{"start":{"line":280,"column":4},"end":{"line":282,"column":5}},"96":{"start":{"line":281,"column":6},"end":{"line":281,"column":79}},"97":{"start":{"line":284,"column":4},"end":{"line":294,"column":7}},"98":{"start":{"line":296,"column":4},"end":{"line":296,"column":51}},"99":{"start":{"line":297,"column":4},"end":{"line":297,"column":84}},"100":{"start":{"line":305,"column":0},"end":{"line":326,"column":3}},"101":{"start":{"line":306,"column":2},"end":{"line":325,"column":3}},"102":{"start":{"line":307,"column":31},"end":{"line":307,"column":55}},"103":{"start":{"line":308,"column":4},"end":{"line":321,"column":7}},"104":{"start":{"line":319,"column":63},"end":{"line":319,"column":90}},"105":{"start":{"line":323,"column":4},"end":{"line":323,"column":51}},"106":{"start":{"line":324,"column":4},"end":{"line":324,"column":84}},"107":{"start":{"line":333,"column":0},"end":{"line":501,"column":3}},"108":{"start":{"line":335,"column":2},"end":{"line":338,"column":3}},"109":{"start":{"line":336,"column":4},"end":{"line":336,"column":77}},"110":{"start":{"line":337,"column":4},"end":{"line":337,"column":69}},"111":{"start":{"line":340,"column":14},"end":{"line":340,"column":45}},"112":{"start":{"line":343,"column":2},"end":{"line":348,"column":3}},"113":{"start":{"line":344,"column":4},"end":{"line":344,"column":93}},"114":{"start":{"line":346,"column":4},"end":{"line":346,"column":82}},"115":{"start":{"line":347,"column":4},"end":{"line":347,"column":65}},"116":{"start":{"line":350,"column":2},"end":{"line":350,"column":67}},"117":{"start":{"line":352,"column":2},"end":{"line":498,"column":3}},"118":{"start":{"line":353,"column":4},"end":{"line":494,"column":5}},"119":{"start":{"line":355,"column":24},"end":{"line":355,"column":41}},"120":{"start":{"line":356,"column":23},"end":{"line":356,"column":57}},"121":{"start":{"line":357,"column":31},"end":{"line":357,"column":51}},"122":{"start":{"line":359,"column":8},"end":{"line":359,"column":46}},"123":{"start":{"line":359,"column":40},"end":{"line":359,"column":46}},"124":{"start":{"line":362,"column":29},"end":{"line":362,"column":80}},"125":{"start":{"line":363,"column":24},"end":{"line":363,"column":61}},"126":{"start":{"line":364,"column":27},"end":{"line":364,"column":47}},"127":{"start":{"line":366,"column":8},"end":{"line":369,"column":9}},"128":{"start":{"line":367,"column":10},"end":{"line":367,"column":74}},"129":{"start":{"line":368,"column":10},"end":{"line":368,"column":16}},"130":{"start":{"line":371,"column":8},"end":{"line":383,"column":28}},"131":{"start":{"line":385,"column":8},"end":{"line":385,"column":82}},"132":{"start":{"line":386,"column":8},"end":{"line":386,"column":14}},"133":{"start":{"line":390,"column":29},"end":{"line":390,"column":46}},"134":{"start":{"line":391,"column":23},"end":{"line":391,"column":62}},"135":{"start":{"line":392,"column":8},"end":{"line":392,"column":27}},"136":{"start":{"line":392,"column":21},"end":{"line":392,"column":27}},"137":{"start":{"line":394,"column":24},"end":{"line":394,"column":61}},"138":{"start":{"line":395,"column":27},"end":{"line":395,"column":47}},"139":{"start":{"line":397,"column":27},"end":{"line":400,"column":9}},"140":{"start":{"line":403,"column":8},"end":{"line":407,"column":9}},"141":{"start":{"line":404,"column":10},"end":{"line":404,"column":44}},"142":{"start":{"line":405,"column":10},"end":{"line":405,"column":62}},"143":{"start":{"line":406,"column":10},"end":{"line":406,"column":60}},"144":{"start":{"line":409,"column":8},"end":{"line":412,"column":28}},"145":{"start":{"line":414,"column":8},"end":{"line":414,"column":95}},"146":{"start":{"line":415,"column":8},"end":{"line":415,"column":14}},"147":{"start":{"line":419,"column":29},"end":{"line":419,"column":46}},"148":{"start":{"line":420,"column":23},"end":{"line":420,"column":62}},"149":{"start":{"line":421,"column":8},"end":{"line":421,"column":27}},"150":{"start":{"line":421,"column":21},"end":{"line":421,"column":27}},"151":{"start":{"line":423,"column":8},"end":{"line":433,"column":28}},"152":{"start":{"line":435,"column":8},"end":{"line":435,"column":87}},"153":{"start":{"line":436,"column":8},"end":{"line":436,"column":14}},"154":{"start":{"line":440,"column":24},"end":{"line":440,"column":41}},"155":{"start":{"line":441,"column":31},"end":{"line":441,"column":51}},"156":{"start":{"line":442,"column":8},"end":{"line":442,"column":35}},"157":{"start":{"line":442,"column":29},"end":{"line":442,"column":35}},"158":{"start":{"line":445,"column":31},"end":{"line":449,"column":19}},"159":{"start":{"line":451,"column":8},"end":{"line":461,"column":9}},"160":{"start":{"line":452,"column":10},"end":{"line":458,"column":31}},"161":{"start":{"line":460,"column":10},"end":{"line":460,"column":71}},"162":{"start":{"line":462,"column":8},"end":{"line":462,"column":14}},"163":{"start":{"line":466,"column":24},"end":{"line":466,"column":41}},"164":{"start":{"line":467,"column":31},"end":{"line":467,"column":51}},"165":{"start":{"line":468,"column":8},"end":{"line":468,"column":35}},"166":{"start":{"line":468,"column":29},"end":{"line":468,"column":35}},"167":{"start":{"line":471,"column":8},"end":{"line":491,"column":9}},"168":{"start":{"line":472,"column":33},"end":{"line":476,"column":21}},"169":{"start":{"line":478,"column":10},"end":{"line":490,"column":11}},"170":{"start":{"line":479,"column":12},"end":{"line":487,"column":33}},"171":{"start":{"line":489,"column":12},"end":{"line":489,"column":84}},"172":{"start":{"line":492,"column":8},"end":{"line":492,"column":14}},"173":{"start":{"line":496,"column":4},"end":{"line":496,"column":60}},"174":{"start":{"line":500,"column":2},"end":{"line":500,"column":31}},"175":{"start":{"line":503,"column":0},"end":{"line":503,"column":24}}},"fnMap":{"0":{"name":"(anonymous_0)","decl":{"start":{"line":54,"column":51},"end":{"line":54,"column":52}},"loc":{"start":{"line":54,"column":57},"end":{"line":54,"column":84}},"line":54},"1":{"name":"(anonymous_1)","decl":{"start":{"line":61,"column":38},"end":{"line":61,"column":39}},"loc":{"start":{"line":61,"column":58},"end":{"line":227,"column":1}},"line":61},"2":{"name":"(anonymous_2)","decl":{"start":{"line":100,"column":47},"end":{"line":100,"column":48}},"loc":{"start":{"line":100,"column":53},"end":{"line":100,"column":80}},"line":100},"3":{"name":"(anonymous_3)","decl":{"start":{"line":233,"column":36},"end":{"line":233,"column":37}},"loc":{"start":{"line":233,"column":56},"end":{"line":266,"column":1}},"line":233},"4":{"name":"(anonymous_4)","decl":{"start":{"line":272,"column":35},"end":{"line":272,"column":36}},"loc":{"start":{"line":272,"column":55},"end":{"line":299,"column":1}},"line":272},"5":{"name":"(anonymous_5)","decl":{"start":{"line":305,"column":35},"end":{"line":305,"column":36}},"loc":{"start":{"line":305,"column":55},"end":{"line":326,"column":1}},"line":305},"6":{"name":"(anonymous_6)","decl":{"start":{"line":319,"column":57},"end":{"line":319,"column":58}},"loc":{"start":{"line":319,"column":63},"end":{"line":319,"column":90}},"line":319},"7":{"name":"(anonymous_7)","decl":{"start":{"line":333,"column":24},"end":{"line":333,"column":25}},"loc":{"start":{"line":333,"column":44},"end":{"line":501,"column":1}},"line":333}},"branchMap":{"0":{"loc":{"start":{"line":11,"column":0},"end":{"line":20,"column":1}},"type":"if","locations":[{"start":{"line":11,"column":0},"end":{"line":20,"column":1}},{"start":{"line":18,"column":7},"end":{"line":20,"column":1}}],"line":11},"1":{"loc":{"start":{"line":26,"column":0},"end":{"line":34,"column":1}},"type":"if","locations":[{"start":{"line":26,"column":0},"end":{"line":34,"column":1}},{"start":{"line":32,"column":7},"end":{"line":34,"column":1}}],"line":26},"2":{"loc":{"start":{"line":36,"column":0},"end":{"line":44,"column":1}},"type":"if","locations":[{"start":{"line":36,"column":0},"end":{"line":44,"column":1}},{"start":{"line":42,"column":7},"end":{"line":44,"column":1}}],"line":36},"3":{"loc":{"start":{"line":52,"column":18},"end":{"line":52,"column":128}},"type":"cond-expr","locations":[{"start":{"line":52,"column":56},"end":{"line":52,"column":116}},{"start":{"line":52,"column":119},"end":{"line":52,"column":128}}],"line":52},"4":{"loc":{"start":{"line":53,"column":14},"end":{"line":53,"column":116}},"type":"cond-expr","locations":[{"start":{"line":53,"column":48},"end":{"line":53,"column":104}},{"start":{"line":53,"column":107},"end":{"line":53,"column":116}}],"line":53},"5":{"loc":{"start":{"line":64,"column":4},"end":{"line":70,"column":5}},"type":"if","locations":[{"start":{"line":64,"column":4},"end":{"line":70,"column":5}},{"start":{},"end":{}}],"line":64},"6":{"loc":{"start":{"line":72,"column":4},"end":{"line":78,"column":5}},"type":"if","locations":[{"start":{"line":72,"column":4},"end":{"line":78,"column":5}},{"start":{},"end":{}}],"line":72},"7":{"loc":{"start":{"line":84,"column":15},"end":{"line":84,"column":64}},"type":"cond-expr","locations":[{"start":{"line":84,"column":25},"end":{"line":84,"column":57}},{"start":{"line":84,"column":60},"end":{"line":84,"column":64}}],"line":84},"8":{"loc":{"start":{"line":87,"column":4},"end":{"line":90,"column":5}},"type":"if","locations":[{"start":{"line":87,"column":4},"end":{"line":90,"column":5}},{"start":{},"end":{}}],"line":87},"9":{"loc":{"start":{"line":95,"column":4},"end":{"line":107,"column":5}},"type":"if","locations":[{"start":{"line":95,"column":4},"end":{"line":107,"column":5}},{"start":{},"end":{}}],"line":95},"10":{"loc":{"start":{"line":98,"column":31},"end":{"line":98,"column":82}},"type":"cond-expr","locations":[{"start":{"line":98,"column":41},"end":{"line":98,"column":73}},{"start":{"line":98,"column":76},"end":{"line":98,"column":82}}],"line":98},"11":{"loc":{"start":{"line":105,"column":46},"end":{"line":105,"column":97}},"type":"cond-expr","locations":[{"start":{"line":105,"column":56},"end":{"line":105,"column":88}},{"start":{"line":105,"column":91},"end":{"line":105,"column":97}}],"line":105},"12":{"loc":{"start":{"line":116,"column":4},"end":{"line":118,"column":5}},"type":"if","locations":[{"start":{"line":116,"column":4},"end":{"line":118,"column":5}},{"start":{},"end":{}}],"line":116},"13":{"loc":{"start":{"line":116,"column":8},"end":{"line":116,"column":26}},"type":"binary-expr","locations":[{"start":{"line":116,"column":8},"end":{"line":116,"column":17}},{"start":{"line":116,"column":21},"end":{"line":116,"column":26}}],"line":116},"14":{"loc":{"start":{"line":123,"column":4},"end":{"line":158,"column":5}},"type":"if","locations":[{"start":{"line":123,"column":4},"end":{"line":158,"column":5}},{"start":{"line":137,"column":11},"end":{"line":158,"column":5}}],"line":123},"15":{"loc":{"start":{"line":177,"column":11},"end":{"line":177,"column":68}},"type":"cond-expr","locations":[{"start":{"line":177,"column":25},"end":{"line":177,"column":61}},{"start":{"line":177,"column":64},"end":{"line":177,"column":68}}],"line":177},"16":{"loc":{"start":{"line":180,"column":4},"end":{"line":189,"column":5}},"type":"if","locations":[{"start":{"line":180,"column":4},"end":{"line":189,"column":5}},{"start":{},"end":{}}],"line":180},"17":{"loc":{"start":{"line":199,"column":15},"end":{"line":199,"column":83}},"type":"cond-expr","locations":[{"start":{"line":199,"column":35},"end":{"line":199,"column":76}},{"start":{"line":199,"column":79},"end":{"line":199,"column":83}}],"line":199},"18":{"loc":{"start":{"line":207,"column":4},"end":{"line":218,"column":5}},"type":"if","locations":[{"start":{"line":207,"column":4},"end":{"line":218,"column":5}},{"start":{"line":210,"column":11},"end":{"line":218,"column":5}}],"line":207},"19":{"loc":{"start":{"line":208,"column":21},"end":{"line":208,"column":96}},"type":"binary-expr","locations":[{"start":{"line":208,"column":21},"end":{"line":208,"column":34}},{"start":{"line":208,"column":38},"end":{"line":208,"column":96}}],"line":208},"20":{"loc":{"start":{"line":210,"column":11},"end":{"line":218,"column":5}},"type":"if","locations":[{"start":{"line":210,"column":11},"end":{"line":218,"column":5}},{"start":{"line":213,"column":11},"end":{"line":218,"column":5}}],"line":210},"21":{"loc":{"start":{"line":213,"column":11},"end":{"line":218,"column":5}},"type":"if","locations":[{"start":{"line":213,"column":11},"end":{"line":218,"column":5}},{"start":{"line":216,"column":11},"end":{"line":218,"column":5}}],"line":213},"22":{"loc":{"start":{"line":216,"column":11},"end":{"line":218,"column":5}},"type":"if","locations":[{"start":{"line":216,"column":11},"end":{"line":218,"column":5}},{"start":{},"end":{}}],"line":216},"23":{"loc":{"start":{"line":221,"column":4},"end":{"line":223,"column":5}},"type":"if","locations":[{"start":{"line":221,"column":4},"end":{"line":223,"column":5}},{"start":{},"end":{}}],"line":221},"24":{"loc":{"start":{"line":221,"column":8},"end":{"line":221,"column":113}},"type":"binary-expr","locations":[{"start":{"line":221,"column":8},"end":{"line":221,"column":45}},{"start":{"line":221,"column":49},"end":{"line":221,"column":67}},{"start":{"line":221,"column":71},"end":{"line":221,"column":113}}],"line":221},"25":{"loc":{"start":{"line":236,"column":4},"end":{"line":242,"column":5}},"type":"if","locations":[{"start":{"line":236,"column":4},"end":{"line":242,"column":5}},{"start":{},"end":{}}],"line":236},"26":{"loc":{"start":{"line":250,"column":4},"end":{"line":252,"column":5}},"type":"if","locations":[{"start":{"line":250,"column":4},"end":{"line":252,"column":5}},{"start":{},"end":{}}],"line":250},"27":{"loc":{"start":{"line":250,"column":8},"end":{"line":250,"column":42}},"type":"binary-expr","locations":[{"start":{"line":250,"column":8},"end":{"line":250,"column":13}},{"start":{"line":250,"column":17},"end":{"line":250,"column":42}}],"line":250},"28":{"loc":{"start":{"line":280,"column":4},"end":{"line":282,"column":5}},"type":"if","locations":[{"start":{"line":280,"column":4},"end":{"line":282,"column":5}},{"start":{},"end":{}}],"line":280},"29":{"loc":{"start":{"line":280,"column":8},"end":{"line":280,"column":22}},"type":"binary-expr","locations":[{"start":{"line":280,"column":8},"end":{"line":280,"column":13}},{"start":{"line":280,"column":17},"end":{"line":280,"column":22}}],"line":280},"30":{"loc":{"start":{"line":313,"column":30},"end":{"line":315,"column":21}},"type":"cond-expr","locations":[{"start":{"line":314,"column":12},"end":{"line":314,"column":72}},{"start":{"line":315,"column":12},"end":{"line":315,"column":21}}],"line":313},"31":{"loc":{"start":{"line":316,"column":26},"end":{"line":318,"column":21}},"type":"cond-expr","locations":[{"start":{"line":317,"column":12},"end":{"line":317,"column":68}},{"start":{"line":318,"column":12},"end":{"line":318,"column":21}}],"line":316},"32":{"loc":{"start":{"line":335,"column":2},"end":{"line":338,"column":3}},"type":"if","locations":[{"start":{"line":335,"column":2},"end":{"line":338,"column":3}},{"start":{},"end":{}}],"line":335},"33":{"loc":{"start":{"line":353,"column":4},"end":{"line":494,"column":5}},"type":"switch","locations":[{"start":{"line":354,"column":6},"end":{"line":387,"column":7}},{"start":{"line":389,"column":6},"end":{"line":416,"column":7}},{"start":{"line":418,"column":6},"end":{"line":437,"column":7}},{"start":{"line":439,"column":6},"end":{"line":463,"column":7}},{"start":{"line":465,"column":6},"end":{"line":493,"column":7}}],"line":353},"34":{"loc":{"start":{"line":359,"column":8},"end":{"line":359,"column":46}},"type":"if","locations":[{"start":{"line":359,"column":8},"end":{"line":359,"column":46}},{"start":{},"end":{}}],"line":359},"35":{"loc":{"start":{"line":359,"column":12},"end":{"line":359,"column":38}},"type":"binary-expr","locations":[{"start":{"line":359,"column":12},"end":{"line":359,"column":19}},{"start":{"line":359,"column":23},"end":{"line":359,"column":38}}],"line":359},"36":{"loc":{"start":{"line":366,"column":8},"end":{"line":369,"column":9}},"type":"if","locations":[{"start":{"line":366,"column":8},"end":{"line":369,"column":9}},{"start":{},"end":{}}],"line":366},"37":{"loc":{"start":{"line":392,"column":8},"end":{"line":392,"column":27}},"type":"if","locations":[{"start":{"line":392,"column":8},"end":{"line":392,"column":27}},{"start":{},"end":{}}],"line":392},"38":{"loc":{"start":{"line":403,"column":8},"end":{"line":407,"column":9}},"type":"if","locations":[{"start":{"line":403,"column":8},"end":{"line":407,"column":9}},{"start":{},"end":{}}],"line":403},"39":{"loc":{"start":{"line":421,"column":8},"end":{"line":421,"column":27}},"type":"if","locations":[{"start":{"line":421,"column":8},"end":{"line":421,"column":27}},{"start":{},"end":{}}],"line":421},"40":{"loc":{"start":{"line":442,"column":8},"end":{"line":442,"column":35}},"type":"if","locations":[{"start":{"line":442,"column":8},"end":{"line":442,"column":35}},{"start":{},"end":{}}],"line":442},"41":{"loc":{"start":{"line":451,"column":8},"end":{"line":461,"column":9}},"type":"if","locations":[{"start":{"line":451,"column":8},"end":{"line":461,"column":9}},{"start":{},"end":{}}],"line":451},"42":{"loc":{"start":{"line":468,"column":8},"end":{"line":468,"column":35}},"type":"if","locations":[{"start":{"line":468,"column":8},"end":{"line":468,"column":35}},{"start":{},"end":{}}],"line":468},"43":{"loc":{"start":{"line":471,"column":8},"end":{"line":491,"column":9}},"type":"if","locations":[{"start":{"line":471,"column":8},"end":{"line":491,"column":9}},{"start":{},"end":{}}],"line":471},"44":{"loc":{"start":{"line":478,"column":10},"end":{"line":490,"column":11}},"type":"if","locations":[{"start":{"line":478,"column":10},"end":{"line":490,"column":11}},{"start":{},"end":{}}],"line":478}},"s":{"0":0,"1":0,"2":0,"3":0,"4":0,"5":0,"6":0,"7":0,"8":0,"9":0,"10":0,"11":0,"12":0,"13":0,"14":0,"15":0,"16":0,"17":0,"18":0,"19":0,"20":0,"21":0,"22":0,"23":0,"24":0,"25":0,"26":0,"27":0,"28":0,"29":0,"30":0,"31":0,"32":0,"33":0,"34":0,"35":0,"36":0,"37":0,"38":0,"39":0,"40":0,"41":0,"42":0,"43":0,"44":0,"45":0,"46":0,"47":0,"48":0,"49":0,"50":0,"51":0,"52":0,"53":0,"54":0,"55":0,"56":0,"57":0,"58":0,"59":0,"60":0,"61":0,"62":0,"63":0,"64":0,"65":0,"66":0,"67":0,"68":0,"69":0,"70":0,"71":0,"72":0,"73":0,"74":0,"75":0,"76":0,"77":0,"78":0,"79":0,"80":0,"81":0,"82":0,"83":0,"84":0,"85":0,"86":0,"87":0,"88":0,"89":0,"90":0,"91":0,"92":0,"93":0,"94":0,"95":0,"96":0,"97":0,"98":0,"99":0,"100":0,"101":0,"102":0,"103":0,"104":0,"105":0,"106":0,"107":0,"108":0,"109":0,"110":0,"111":0,"112":0,"113":0,"114":0,"115":0,"116":0,"117":0,"118":0,"119":0,"120":0,"121":0,"122":0,"123":0,"124":0,"125":0,"126":0,"127":0,"128":0,"129":0,"130":0,"131":0,"132":0,"133":0,"134":0,"135":0,"136":0,"137":0,"138":0,"139":0,"140":0,"141":0,"142":0,"143":0,"144":0,"145":0,"146":0,"147":0,"148":0,"149":0,"150":0,"151":0,"152":0,"153":0,"154":0,"155":0,"156":0,"157":0,"158":0,"159":0,"160":0,"161":0,"162":0,"163":0,"164":0,"165":0,"166":0,"167":0,"168":0,"169":0,"170":0,"171":0,"172":0,"173":0,"174":0,"175":0},"f":{"0":0,"1":0,"2":0,"3":0,"4":0,"5":0,"6":0,"7":0},"b":{"0":[0,0],"1":[0,0],"2":[0,0],"3":[0,0],"4":[0,0],"5":[0,0],"6":[0,0],"7":[0,0],"8":[0,0],"9":[0,0],"10":[0,0],"11":[0,0],"12":[0,0],"13":[0,0],"14":[0,0],"15":[0,0],"16":[0,0],"17":[0,0],"18":[0,0],"19":[0,0],"20":[0,0],"21":[0,0],"22":[0,0],"23":[0,0],"24":[0,0,0],"25":[0,0],"26":[0,0],"27":[0,0],"28":[0,0],"29":[0,0],"30":[0,0],"31":[0,0],"32":[0,0],"33":[0,0,0,0,0],"34":[0,0],"35":[0,0],"36":[0,0],"37":[0,0],"38":[0,0],"39":[0,0],"40":[0,0],"41":[0,0],"42":[0,0],"43":[0,0],"44":[0,0]}}
,"C:\\Users\\Karim\\Desktop\\scrape2sheets\\backend\\routes\\scrape.js": {"path":"C:\\Users\\Karim\\Desktop\\scrape2sheets\\backend\\routes\\scrape.js","statementMap":{"0":{"start":{"line":1,"column":16},"end":{"line":1,"column":34}},"1":{"start":{"line":2,"column":14},"end":{"line":2,"column":28}},"2":{"start":{"line":3,"column":15},"end":{"line":3,"column":41}},"3":{"start":{"line":4,"column":45},"end":{"line":4,"column":80}},"4":{"start":{"line":5,"column":28},"end":{"line":5,"column":60}},"5":{"start":{"line":6,"column":24},"end":{"line":6,"column":53}},"6":{"start":{"line":7,"column":21},"end":{"line":7,"column":60}},"7":{"start":{"line":9,"column":15},"end":{"line":9,"column":31}},"8":{"start":{"line":14,"column":22},"end":{"line":19,"column":2}},"9":{"start":{"line":22,"column":0},"end":{"line":33,"column":3}},"10":{"start":{"line":23,"column":2},"end":{"line":32,"column":3}},"11":{"start":{"line":24,"column":19},"end":{"line":24,"column":46}},"12":{"start":{"line":25,"column":4},"end":{"line":25,"column":40}},"13":{"start":{"line":27,"column":4},"end":{"line":30,"column":7}},"14":{"start":{"line":31,"column":4},"end":{"line":31,"column":65}},"15":{"start":{"line":35,"column":0},"end":{"line":147,"column":3}},"16":{"start":{"line":36,"column":17},"end":{"line":36,"column":50}},"17":{"start":{"line":37,"column":2},"end":{"line":43,"column":3}},"18":{"start":{"line":38,"column":4},"end":{"line":42,"column":7}},"19":{"start":{"line":45,"column":49},"end":{"line":45,"column":60}},"20":{"start":{"line":47,"column":2},"end":{"line":146,"column":3}},"21":{"start":{"line":49,"column":45},"end":{"line":53,"column":15}},"22":{"start":{"line":55,"column":4},"end":{"line":61,"column":5}},"23":{"start":{"line":56,"column":6},"end":{"line":56,"column":62}},"24":{"start":{"line":57,"column":6},"end":{"line":60,"column":9}},"25":{"start":{"line":64,"column":4},"end":{"line":77,"column":5}},"26":{"start":{"line":65,"column":26},"end":{"line":65,"column":53}},"27":{"start":{"line":66,"column":18},"end":{"line":66,"column":28}},"28":{"start":{"line":67,"column":26},"end":{"line":67,"column":122}},"29":{"start":{"line":68,"column":6},"end":{"line":76,"column":7}},"30":{"start":{"line":69,"column":8},"end":{"line":72,"column":32}},"31":{"start":{"line":73,"column":8},"end":{"line":73,"column":34}},"32":{"start":{"line":74,"column":8},"end":{"line":74,"column":46}},"33":{"start":{"line":75,"column":8},"end":{"line":75,"column":89}},"34":{"start":{"line":80,"column":27},"end":{"line":80,"column":97}},"35":{"start":{"line":83,"column":25},"end":{"line":83,"column":64}},"36":{"start":{"line":85,"column":4},"end":{"line":106,"column":5}},"37":{"start":{"line":86,"column":6},"end":{"line":91,"column":9}},"38":{"start":{"line":93,"column":6},"end":{"line":105,"column":9}},"39":{"start":{"line":109,"column":23},"end":{"line":109,"column":88}},"40":{"start":{"line":111,"column":4},"end":{"line":114,"column":7}},"41":{"start":{"line":117,"column":25},"end":{"line":117,"column":29}},"42":{"start":{"line":118,"column":4},"end":{"line":121,"column":5}},"43":{"start":{"line":119,"column":6},"end":{"line":119,"column":45}},"44":{"start":{"line":120,"column":6},"end":{"line":120,"column":82}},"45":{"start":{"line":123,"column":4},"end":{"line":123,"column":58}},"46":{"start":{"line":124,"column":17},"end":{"line":129,"column":6}},"47":{"start":{"line":131,"column":4},"end":{"line":131,"column":80}},"48":{"start":{"line":133,"column":4},"end":{"line":142,"column":7}},"49":{"start":{"line":144,"column":4},"end":{"line":144,"column":90}},"50":{"start":{"line":145,"column":4},"end":{"line":145,"column":21}},"51":{"start":{"line":149,"column":0},"end":{"line":149,"column":24}}},"fnMap":{"0":{"name":"(anonymous_0)","decl":{"start":{"line":22,"column":22},"end":{"line":22,"column":23}},"loc":{"start":{"line":22,"column":43},"end":{"line":33,"column":1}},"line":22},"1":{"name":"(anonymous_1)","decl":{"start":{"line":35,"column":30},"end":{"line":35,"column":31}},"loc":{"start":{"line":35,"column":56},"end":{"line":147,"column":1}},"line":35}},"branchMap":{"0":{"loc":{"start":{"line":37,"column":2},"end":{"line":43,"column":3}},"type":"if","locations":[{"start":{"line":37,"column":2},"end":{"line":43,"column":3}},{"start":{},"end":{}}],"line":37},"1":{"loc":{"start":{"line":55,"column":4},"end":{"line":61,"column":5}},"type":"if","locations":[{"start":{"line":55,"column":4},"end":{"line":61,"column":5}},{"start":{},"end":{}}],"line":55},"2":{"loc":{"start":{"line":55,"column":8},"end":{"line":55,"column":26}},"type":"binary-expr","locations":[{"start":{"line":55,"column":8},"end":{"line":55,"column":17}},{"start":{"line":55,"column":21},"end":{"line":55,"column":26}}],"line":55},"3":{"loc":{"start":{"line":64,"column":4},"end":{"line":77,"column":5}},"type":"if","locations":[{"start":{"line":64,"column":4},"end":{"line":77,"column":5}},{"start":{},"end":{}}],"line":64},"4":{"loc":{"start":{"line":68,"column":6},"end":{"line":76,"column":7}},"type":"if","locations":[{"start":{"line":68,"column":6},"end":{"line":76,"column":7}},{"start":{},"end":{}}],"line":68},"5":{"loc":{"start":{"line":80,"column":27},"end":{"line":80,"column":97}},"type":"cond-expr","locations":[{"start":{"line":80,"column":69},"end":{"line":80,"column":70}},{"start":{"line":80,"column":73},"end":{"line":80,"column":97}}],"line":80},"6":{"loc":{"start":{"line":85,"column":4},"end":{"line":106,"column":5}},"type":"if","locations":[{"start":{"line":85,"column":4},"end":{"line":106,"column":5}},{"start":{},"end":{}}],"line":85},"7":{"loc":{"start":{"line":96,"column":17},"end":{"line":98,"column":110}},"type":"cond-expr","locations":[{"start":{"line":97,"column":12},"end":{"line":97,"column":97}},{"start":{"line":98,"column":12},"end":{"line":98,"column":110}}],"line":96},"8":{"loc":{"start":{"line":109,"column":23},"end":{"line":109,"column":88}},"type":"binary-expr","locations":[{"start":{"line":109,"column":23},"end":{"line":109,"column":43}},{"start":{"line":109,"column":47},"end":{"line":109,"column":65}},{"start":{"line":109,"column":69},"end":{"line":109,"column":88}}],"line":109},"9":{"loc":{"start":{"line":111,"column":43},"end":{"line":111,"column":75}},"type":"cond-expr","locations":[{"start":{"line":111,"column":56},"end":{"line":111,"column":66}},{"start":{"line":111,"column":69},"end":{"line":111,"column":75}}],"line":111},"10":{"loc":{"start":{"line":118,"column":4},"end":{"line":121,"column":5}},"type":"if","locations":[{"start":{"line":118,"column":4},"end":{"line":121,"column":5}},{"start":{},"end":{}}],"line":118}},"s":{"0":0,"1":0,"2":0,"3":0,"4":0,"5":0,"6":0,"7":0,"8":0,"9":0,"10":0,"11":0,"12":0,"13":0,"14":0,"15":0,"16":0,"17":0,"18":0,"19":0,"20":0,"21":0,"22":0,"23":0,"24":0,"25":0,"26":0,"27":0,"28":0,"29":0,"30":0,"31":0,"32":0,"33":0,"34":0,"35":0,"36":0,"37":0,"38":0,"39":0,"40":0,"41":0,"42":0,"43":0,"44":0,"45":0,"46":0,"47":0,"48":0,"49":0,"50":0,"51":0},"f":{"0":0,"1":0},"b":{"0":[0,0],"1":[0,0],"2":[0,0],"3":[0,0],"4":[0,0],"5":[0,0],"6":[0,0],"7":[0,0],"8":[0,0,0],"9":[0,0],"10":[0,0]}}
,"C:\\Users\\Karim\\Desktop\\scrape2sheets\\backend\\routes\\sheets.js": {"path":"C:\\Users\\Karim\\Desktop\\scrape2sheets\\backend\\routes\\sheets.js","statementMap":{"0":{"start":{"line":1,"column":16},"end":{"line":1,"column":34}},"1":{"start":{"line":2,"column":14},"end":{"line":2,"column":28}},"2":{"start":{"line":3,"column":15},"end":{"line":3,"column":41}},"3":{"start":{"line":4,"column":49},"end":{"line":4,"column":86}},"4":{"start":{"line":5,"column":24},"end":{"line":5,"column":53}},"5":{"start":{"line":6,"column":21},"end":{"line":6,"column":60}},"6":{"start":{"line":8,"column":15},"end":{"line":8,"column":31}},"7":{"start":{"line":15,"column":32},"end":{"line":19,"column":13}},"8":{"start":{"line":21,"column":2},"end":{"line":23,"column":3}},"9":{"start":{"line":22,"column":4},"end":{"line":22,"column":80}},"10":{"start":{"line":25,"column":17},"end":{"line":30,"column":4}},"11":{"start":{"line":32,"column":15},"end":{"line":36,"column":4}},"12":{"start":{"line":38,"column":2},"end":{"line":42,"column":3}},"13":{"start":{"line":39,"column":17},"end":{"line":39,"column":34}},"14":{"start":{"line":40,"column":4},"end":{"line":40,"column":86}},"15":{"start":{"line":41,"column":4},"end":{"line":41,"column":77}},"16":{"start":{"line":44,"column":17},"end":{"line":44,"column":34}},"17":{"start":{"line":45,"column":25},"end":{"line":45,"column":44}},"18":{"start":{"line":47,"column":2},"end":{"line":50,"column":22}},"19":{"start":{"line":52,"column":2},"end":{"line":52,"column":72}},"20":{"start":{"line":53,"column":2},"end":{"line":53,"column":24}},"21":{"start":{"line":57,"column":0},"end":{"line":57,"column":24}},"22":{"start":{"line":60,"column":21},"end":{"line":64,"column":2}},"23":{"start":{"line":88,"column":0},"end":{"line":276,"column":3}},"24":{"start":{"line":89,"column":2},"end":{"line":275,"column":3}},"25":{"start":{"line":91,"column":19},"end":{"line":91,"column":51}},"26":{"start":{"line":92,"column":4},"end":{"line":98,"column":5}},"27":{"start":{"line":93,"column":6},"end":{"line":97,"column":9}},"28":{"start":{"line":100,"column":51},"end":{"line":100,"column":62}},"29":{"start":{"line":102,"column":4},"end":{"line":106,"column":7}},"30":{"start":{"line":109,"column":45},"end":{"line":113,"column":15}},"31":{"start":{"line":115,"column":4},"end":{"line":121,"column":5}},"32":{"start":{"line":116,"column":6},"end":{"line":116,"column":62}},"33":{"start":{"line":117,"column":6},"end":{"line":120,"column":9}},"34":{"start":{"line":124,"column":4},"end":{"line":137,"column":5}},"35":{"start":{"line":125,"column":26},"end":{"line":125,"column":53}},"36":{"start":{"line":126,"column":18},"end":{"line":126,"column":28}},"37":{"start":{"line":127,"column":26},"end":{"line":127,"column":122}},"38":{"start":{"line":128,"column":6},"end":{"line":136,"column":7}},"39":{"start":{"line":129,"column":8},"end":{"line":132,"column":32}},"40":{"start":{"line":133,"column":8},"end":{"line":133,"column":34}},"41":{"start":{"line":134,"column":8},"end":{"line":134,"column":46}},"42":{"start":{"line":135,"column":8},"end":{"line":135,"column":89}},"43":{"start":{"line":140,"column":27},"end":{"line":140,"column":97}},"44":{"start":{"line":143,"column":4},"end":{"line":159,"column":5}},"45":{"start":{"line":144,"column":23},"end":{"line":148,"column":69}},"46":{"start":{"line":150,"column":6},"end":{"line":150,"column":90}},"47":{"start":{"line":151,"column":6},"end":{"line":158,"column":9}},"48":{"start":{"line":163,"column":24},"end":{"line":163,"column":50}},"49":{"start":{"line":165,"column":4},"end":{"line":171,"column":5}},"50":{"start":{"line":166,"column":6},"end":{"line":166,"column":101}},"51":{"start":{"line":167,"column":6},"end":{"line":170,"column":9}},"52":{"start":{"line":173,"column":4},"end":{"line":173,"column":67}},"53":{"start":{"line":176,"column":4},"end":{"line":176,"column":65}},"54":{"start":{"line":177,"column":22},"end":{"line":177,"column":64}},"55":{"start":{"line":178,"column":4},"end":{"line":178,"column":68}},"56":{"start":{"line":181,"column":4},"end":{"line":181,"column":77}},"57":{"start":{"line":182,"column":22},"end":{"line":182,"column":33}},"58":{"start":{"line":184,"column":4},"end":{"line":198,"column":5}},"59":{"start":{"line":185,"column":6},"end":{"line":187,"column":9}},"60":{"start":{"line":189,"column":6},"end":{"line":197,"column":7}},"61":{"start":{"line":190,"column":8},"end":{"line":190,"column":73}},"62":{"start":{"line":191,"column":8},"end":{"line":191,"column":59}},"63":{"start":{"line":192,"column":8},"end":{"line":194,"column":11}},"64":{"start":{"line":196,"column":8},"end":{"line":196,"column":18}},"65":{"start":{"line":200,"column":4},"end":{"line":204,"column":7}},"66":{"start":{"line":207,"column":35},"end":{"line":213,"column":27}},"67":{"start":{"line":215,"column":4},"end":{"line":218,"column":5}},"68":{"start":{"line":216,"column":6},"end":{"line":216,"column":72}},"69":{"start":{"line":221,"column":37},"end":{"line":231,"column":8}},"70":{"start":{"line":233,"column":4},"end":{"line":236,"column":5}},"71":{"start":{"line":234,"column":6},"end":{"line":234,"column":75}},"72":{"start":{"line":238,"column":4},"end":{"line":247,"column":7}},"73":{"start":{"line":250,"column":4},"end":{"line":253,"column":7}},"74":{"start":{"line":256,"column":4},"end":{"line":272,"column":5}},"75":{"start":{"line":257,"column":6},"end":{"line":260,"column":9}},"76":{"start":{"line":261,"column":11},"end":{"line":272,"column":5}},"77":{"start":{"line":262,"column":6},"end":{"line":265,"column":9}},"78":{"start":{"line":266,"column":11},"end":{"line":272,"column":5}},"79":{"start":{"line":267,"column":6},"end":{"line":271,"column":9}},"80":{"start":{"line":274,"column":4},"end":{"line":274,"column":23}},"81":{"start":{"line":278,"column":0},"end":{"line":278,"column":24}}},"fnMap":{"0":{"name":"refreshGoogleToken","decl":{"start":{"line":14,"column":15},"end":{"line":14,"column":33}},"loc":{"start":{"line":14,"column":42},"end":{"line":54,"column":1}},"line":14},"1":{"name":"(anonymous_1)","decl":{"start":{"line":88,"column":23},"end":{"line":88,"column":24}},"loc":{"start":{"line":88,"column":49},"end":{"line":276,"column":1}},"line":88}},"branchMap":{"0":{"loc":{"start":{"line":21,"column":2},"end":{"line":23,"column":3}},"type":"if","locations":[{"start":{"line":21,"column":2},"end":{"line":23,"column":3}},{"start":{},"end":{}}],"line":21},"1":{"loc":{"start":{"line":21,"column":6},"end":{"line":21,"column":51}},"type":"binary-expr","locations":[{"start":{"line":21,"column":6},"end":{"line":21,"column":11}},{"start":{"line":21,"column":15},"end":{"line":21,"column":51}}],"line":21},"2":{"loc":{"start":{"line":38,"column":2},"end":{"line":42,"column":3}},"type":"if","locations":[{"start":{"line":38,"column":2},"end":{"line":42,"column":3}},{"start":{},"end":{}}],"line":38},"3":{"loc":{"start":{"line":92,"column":4},"end":{"line":98,"column":5}},"type":"if","locations":[{"start":{"line":92,"column":4},"end":{"line":98,"column":5}},{"start":{},"end":{}}],"line":92},"4":{"loc":{"start":{"line":115,"column":4},"end":{"line":121,"column":5}},"type":"if","locations":[{"start":{"line":115,"column":4},"end":{"line":121,"column":5}},{"start":{},"end":{}}],"line":115},"5":{"loc":{"start":{"line":115,"column":8},"end":{"line":115,"column":26}},"type":"binary-expr","locations":[{"start":{"line":115,"column":8},"end":{"line":115,"column":17}},{"start":{"line":115,"column":21},"end":{"line":115,"column":26}}],"line":115},"6":{"loc":{"start":{"line":124,"column":4},"end":{"line":137,"column":5}},"type":"if","locations":[{"start":{"line":124,"column":4},"end":{"line":137,"column":5}},{"start":{},"end":{}}],"line":124},"7":{"loc":{"start":{"line":128,"column":6},"end":{"line":136,"column":7}},"type":"if","locations":[{"start":{"line":128,"column":6},"end":{"line":136,"column":7}},{"start":{},"end":{}}],"line":128},"8":{"loc":{"start":{"line":140,"column":27},"end":{"line":140,"column":97}},"type":"cond-expr","locations":[{"start":{"line":140,"column":69},"end":{"line":140,"column":70}},{"start":{"line":140,"column":73},"end":{"line":140,"column":97}}],"line":140},"9":{"loc":{"start":{"line":143,"column":4},"end":{"line":159,"column":5}},"type":"if","locations":[{"start":{"line":143,"column":4},"end":{"line":159,"column":5}},{"start":{},"end":{}}],"line":143},"10":{"loc":{"start":{"line":144,"column":23},"end":{"line":148,"column":69}},"type":"cond-expr","locations":[{"start":{"line":145,"column":10},"end":{"line":145,"column":72}},{"start":{"line":146,"column":10},"end":{"line":148,"column":69}}],"line":144},"11":{"loc":{"start":{"line":146,"column":10},"end":{"line":148,"column":69}},"type":"cond-expr","locations":[{"start":{"line":147,"column":12},"end":{"line":147,"column":66}},{"start":{"line":148,"column":12},"end":{"line":148,"column":69}}],"line":146},"12":{"loc":{"start":{"line":165,"column":4},"end":{"line":171,"column":5}},"type":"if","locations":[{"start":{"line":165,"column":4},"end":{"line":171,"column":5}},{"start":{},"end":{}}],"line":165},"13":{"loc":{"start":{"line":189,"column":6},"end":{"line":197,"column":7}},"type":"if","locations":[{"start":{"line":189,"column":6},"end":{"line":197,"column":7}},{"start":{"line":195,"column":13},"end":{"line":197,"column":7}}],"line":189},"14":{"loc":{"start":{"line":189,"column":10},"end":{"line":189,"column":76}},"type":"binary-expr","locations":[{"start":{"line":189,"column":10},"end":{"line":189,"column":41}},{"start":{"line":189,"column":45},"end":{"line":189,"column":76}}],"line":189},"15":{"loc":{"start":{"line":215,"column":4},"end":{"line":218,"column":5}},"type":"if","locations":[{"start":{"line":215,"column":4},"end":{"line":218,"column":5}},{"start":{},"end":{}}],"line":215},"16":{"loc":{"start":{"line":233,"column":4},"end":{"line":236,"column":5}},"type":"if","locations":[{"start":{"line":233,"column":4},"end":{"line":236,"column":5}},{"start":{},"end":{}}],"line":233},"17":{"loc":{"start":{"line":256,"column":4},"end":{"line":272,"column":5}},"type":"if","locations":[{"start":{"line":256,"column":4},"end":{"line":272,"column":5}},{"start":{"line":261,"column":11},"end":{"line":272,"column":5}}],"line":256},"18":{"loc":{"start":{"line":256,"column":8},"end":{"line":256,"column":81}},"type":"binary-expr","locations":[{"start":{"line":256,"column":8},"end":{"line":256,"column":39}},{"start":{"line":256,"column":43},"end":{"line":256,"column":81}}],"line":256},"19":{"loc":{"start":{"line":261,"column":11},"end":{"line":272,"column":5}},"type":"if","locations":[{"start":{"line":261,"column":11},"end":{"line":272,"column":5}},{"start":{"line":266,"column":11},"end":{"line":272,"column":5}}],"line":261},"20":{"loc":{"start":{"line":261,"column":15},"end":{"line":261,"column":98}},"type":"binary-expr","locations":[{"start":{"line":261,"column":15},"end":{"line":261,"column":58}},{"start":{"line":261,"column":62},"end":{"line":261,"column":98}}],"line":261},"21":{"loc":{"start":{"line":266,"column":11},"end":{"line":272,"column":5}},"type":"if","locations":[{"start":{"line":266,"column":11},"end":{"line":272,"column":5}},{"start":{},"end":{}}],"line":266}},"s":{"0":0,"1":0,"2":0,"3":0,"4":0,"5":0,"6":0,"7":0,"8":0,"9":0,"10":0,"11":0,"12":0,"13":0,"14":0,"15":0,"16":0,"17":0,"18":0,"19":0,"20":0,"21":0,"22":0,"23":0,"24":0,"25":0,"26":0,"27":0,"28":0,"29":0,"30":0,"31":0,"32":0,"33":0,"34":0,"35":0,"36":0,"37":0,"38":0,"39":0,"40":0,"41":0,"42":0,"43":0,"44":0,"45":0,"46":0,"47":0,"48":0,"49":0,"50":0,"51":0,"52":0,"53":0,"54":0,"55":0,"56":0,"57":0,"58":0,"59":0,"60":0,"61":0,"62":0,"63":0,"64":0,"65":0,"66":0,"67":0,"68":0,"69":0,"70":0,"71":0,"72":0,"73":0,"74":0,"75":0,"76":0,"77":0,"78":0,"79":0,"80":0,"81":0},"f":{"0":0,"1":0},"b":{"0":[0,0],"1":[0,0],"2":[0,0],"3":[0,0],"4":[0,0],"5":[0,0],"6":[0,0],"7":[0,0],"8":[0,0],"9":[0,0],"10":[0,0],"11":[0,0],"12":[0,0],"13":[0,0],"14":[0,0],"15":[0,0],"16":[0,0],"17":[0,0],"18":[0,0],"19":[0,0],"20":[0,0],"21":[0,0]}}
,"C:\\Users\\Karim\\Desktop\\scrape2sheets\\backend\\routes\\user.js": {"path":"C:\\Users\\Karim\\Desktop\\scrape2sheets\\backend\\routes\\user.js","statementMap":{"0":{"start":{"line":1,"column":16},"end":{"line":1,"column":34}},"1":{"start":{"line":2,"column":21},"end":{"line":2,"column":60}},"2":{"start":{"line":3,"column":24},"end":{"line":3,"column":53}},"3":{"start":{"line":4,"column":15},"end":{"line":4,"column":41}},"4":{"start":{"line":6,"column":15},"end":{"line":6,"column":31}},"5":{"start":{"line":9,"column":0},"end":{"line":9,"column":24}},"6":{"start":{"line":15,"column":0},"end":{"line":61,"column":3}},"7":{"start":{"line":16,"column":2},"end":{"line":60,"column":3}},"8":{"start":{"line":17,"column":4},"end":{"line":17,"column":73}},"9":{"start":{"line":20,"column":49},"end":{"line":24,"column":15}},"10":{"start":{"line":26,"column":4},"end":{"line":32,"column":5}},"11":{"start":{"line":27,"column":6},"end":{"line":27,"column":66}},"12":{"start":{"line":28,"column":6},"end":{"line":31,"column":9}},"13":{"start":{"line":35,"column":17},"end":{"line":48,"column":5}},"14":{"start":{"line":50,"column":4},"end":{"line":53,"column":7}},"15":{"start":{"line":55,"column":4},"end":{"line":55,"column":67}},"16":{"start":{"line":56,"column":4},"end":{"line":59,"column":7}},"17":{"start":{"line":67,"column":0},"end":{"line":97,"column":3}},"18":{"start":{"line":68,"column":2},"end":{"line":96,"column":3}},"19":{"start":{"line":69,"column":4},"end":{"line":69,"column":71}},"20":{"start":{"line":71,"column":40},"end":{"line":76,"column":16}},"21":{"start":{"line":78,"column":4},"end":{"line":84,"column":5}},"22":{"start":{"line":79,"column":6},"end":{"line":79,"column":63}},"23":{"start":{"line":80,"column":6},"end":{"line":83,"column":9}},"24":{"start":{"line":86,"column":4},"end":{"line":89,"column":7}},"25":{"start":{"line":91,"column":4},"end":{"line":91,"column":65}},"26":{"start":{"line":92,"column":4},"end":{"line":95,"column":7}},"27":{"start":{"line":103,"column":0},"end":{"line":131,"column":3}},"28":{"start":{"line":104,"column":2},"end":{"line":130,"column":3}},"29":{"start":{"line":105,"column":4},"end":{"line":105,"column":71}},"30":{"start":{"line":107,"column":22},"end":{"line":110,"column":32}},"31":{"start":{"line":112,"column":4},"end":{"line":118,"column":5}},"32":{"start":{"line":113,"column":6},"end":{"line":113,"column":63}},"33":{"start":{"line":114,"column":6},"end":{"line":117,"column":9}},"34":{"start":{"line":120,"column":4},"end":{"line":123,"column":7}},"35":{"start":{"line":125,"column":4},"end":{"line":125,"column":65}},"36":{"start":{"line":126,"column":4},"end":{"line":129,"column":7}},"37":{"start":{"line":137,"column":0},"end":{"line":181,"column":3}},"38":{"start":{"line":138,"column":2},"end":{"line":180,"column":3}},"39":{"start":{"line":139,"column":33},"end":{"line":139,"column":41}},"40":{"start":{"line":141,"column":4},"end":{"line":141,"column":87}},"41":{"start":{"line":144,"column":23},"end":{"line":146,"column":5}},"42":{"start":{"line":148,"column":4},"end":{"line":150,"column":5}},"43":{"start":{"line":149,"column":6},"end":{"line":149,"column":53}},"44":{"start":{"line":153,"column":28},"end":{"line":158,"column":15}},"45":{"start":{"line":160,"column":4},"end":{"line":166,"column":5}},"46":{"start":{"line":161,"column":6},"end":{"line":161,"column":61}},"47":{"start":{"line":162,"column":6},"end":{"line":165,"column":9}},"48":{"start":{"line":168,"column":4},"end":{"line":173,"column":7}},"49":{"start":{"line":175,"column":4},"end":{"line":175,"column":63}},"50":{"start":{"line":176,"column":4},"end":{"line":179,"column":7}},"51":{"start":{"line":187,"column":0},"end":{"line":243,"column":3}},"52":{"start":{"line":188,"column":2},"end":{"line":242,"column":3}},"53":{"start":{"line":189,"column":19},"end":{"line":189,"column":29}},"54":{"start":{"line":191,"column":4},"end":{"line":191,"column":56}},"55":{"start":{"line":194,"column":39},"end":{"line":197,"column":28}},"56":{"start":{"line":199,"column":4},"end":{"line":205,"column":5}},"57":{"start":{"line":200,"column":6},"end":{"line":200,"column":97}},"58":{"start":{"line":201,"column":6},"end":{"line":204,"column":9}},"59":{"start":{"line":208,"column":33},"end":{"line":211,"column":23}},"60":{"start":{"line":213,"column":4},"end":{"line":219,"column":5}},"61":{"start":{"line":214,"column":6},"end":{"line":214,"column":92}},"62":{"start":{"line":215,"column":6},"end":{"line":218,"column":9}},"63":{"start":{"line":222,"column":33},"end":{"line":222,"column":77}},"64":{"start":{"line":224,"column":4},"end":{"line":230,"column":5}},"65":{"start":{"line":225,"column":6},"end":{"line":225,"column":75}},"66":{"start":{"line":226,"column":6},"end":{"line":229,"column":9}},"67":{"start":{"line":232,"column":4},"end":{"line":235,"column":7}},"68":{"start":{"line":237,"column":4},"end":{"line":237,"column":62}},"69":{"start":{"line":238,"column":4},"end":{"line":241,"column":7}},"70":{"start":{"line":245,"column":0},"end":{"line":245,"column":24}}},"fnMap":{"0":{"name":"(anonymous_0)","decl":{"start":{"line":15,"column":18},"end":{"line":15,"column":19}},"loc":{"start":{"line":15,"column":38},"end":{"line":61,"column":1}},"line":15},"1":{"name":"(anonymous_1)","decl":{"start":{"line":67,"column":26},"end":{"line":67,"column":27}},"loc":{"start":{"line":67,"column":46},"end":{"line":97,"column":1}},"line":67},"2":{"name":"(anonymous_2)","decl":{"start":{"line":103,"column":29},"end":{"line":103,"column":30}},"loc":{"start":{"line":103,"column":49},"end":{"line":131,"column":1}},"line":103},"3":{"name":"(anonymous_3)","decl":{"start":{"line":137,"column":26},"end":{"line":137,"column":27}},"loc":{"start":{"line":137,"column":46},"end":{"line":181,"column":1}},"line":137},"4":{"name":"(anonymous_4)","decl":{"start":{"line":187,"column":33},"end":{"line":187,"column":34}},"loc":{"start":{"line":187,"column":53},"end":{"line":243,"column":1}},"line":187}},"branchMap":{"0":{"loc":{"start":{"line":26,"column":4},"end":{"line":32,"column":5}},"type":"if","locations":[{"start":{"line":26,"column":4},"end":{"line":32,"column":5}},{"start":{},"end":{}}],"line":26},"1":{"loc":{"start":{"line":38,"column":12},"end":{"line":38,"column":63}},"type":"binary-expr","locations":[{"start":{"line":38,"column":12},"end":{"line":38,"column":45}},{"start":{"line":38,"column":49},"end":{"line":38,"column":63}}],"line":38},"2":{"loc":{"start":{"line":78,"column":4},"end":{"line":84,"column":5}},"type":"if","locations":[{"start":{"line":78,"column":4},"end":{"line":84,"column":5}},{"start":{},"end":{}}],"line":78},"3":{"loc":{"start":{"line":88,"column":18},"end":{"line":88,"column":34}},"type":"binary-expr","locations":[{"start":{"line":88,"column":18},"end":{"line":88,"column":28}},{"start":{"line":88,"column":32},"end":{"line":88,"column":34}}],"line":88},"4":{"loc":{"start":{"line":112,"column":4},"end":{"line":118,"column":5}},"type":"if","locations":[{"start":{"line":112,"column":4},"end":{"line":118,"column":5}},{"start":{},"end":{}}],"line":112},"5":{"loc":{"start":{"line":148,"column":4},"end":{"line":150,"column":5}},"type":"if","locations":[{"start":{"line":148,"column":4},"end":{"line":150,"column":5}},{"start":{},"end":{}}],"line":148},"6":{"loc":{"start":{"line":160,"column":4},"end":{"line":166,"column":5}},"type":"if","locations":[{"start":{"line":160,"column":4},"end":{"line":166,"column":5}},{"start":{},"end":{}}],"line":160},"7":{"loc":{"start":{"line":199,"column":4},"end":{"line":205,"column":5}},"type":"if","locations":[{"start":{"line":199,"column":4},"end":{"line":205,"column":5}},{"start":{},"end":{}}],"line":199},"8":{"loc":{"start":{"line":213,"column":4},"end":{"line":219,"column":5}},"type":"if","locations":[{"start":{"line":213,"column":4},"end":{"line":219,"column":5}},{"start":{},"end":{}}],"line":213},"9":{"loc":{"start":{"line":224,"column":4},"end":{"line":230,"column":5}},"type":"if","locations":[{"start":{"line":224,"column":4},"end":{"line":230,"column":5}},{"start":{},"end":{}}],"line":224}},"s":{"0":0,"1":0,"2":0,"3":0,"4":0,"5":0,"6":0,"7":0,"8":0,"9":0,"10":0,"11":0,"12":0,"13":0,"14":0,"15":0,"16":0,"17":0,"18":0,"19":0,"20":0,"21":0,"22":0,"23":0,"24":0,"25":0,"26":0,"27":0,"28":0,"29":0,"30":0,"31":0,"32":0,"33":0,"34":0,"35":0,"36":0,"37":0,"38":0,"39":0,"40":0,"41":0,"42":0,"43":0,"44":0,"45":0,"46":0,"47":0,"48":0,"49":0,"50":0,"51":0,"52":0,"53":0,"54":0,"55":0,"56":0,"57":0,"58":0,"59":0,"60":0,"61":0,"62":0,"63":0,"64":0,"65":0,"66":0,"67":0,"68":0,"69":0,"70":0},"f":{"0":0,"1":0,"2":0,"3":0,"4":0},"b":{"0":[0,0],"1":[0,0],"2":[0,0],"3":[0,0],"4":[0,0],"5":[0,0],"6":[0,0],"7":[0,0],"8":[0,0],"9":[0,0]}}
,"C:\\Users\\Karim\\Desktop\\scrape2sheets\\backend\\services\\ai-extractor.js": {"path":"C:\\Users\\Karim\\Desktop\\scrape2sheets\\backend\\services\\ai-extractor.js","statementMap":{"0":{"start":{"line":1,"column":24},"end":{"line":1,"column":48}},"1":{"start":{"line":2,"column":15},"end":{"line":2,"column":41}},"2":{"start":{"line":3,"column":24},"end":{"line":3,"column":58}},"3":{"start":{"line":8,"column":2},"end":{"line":15,"column":3}},"4":{"start":{"line":9,"column":19},"end":{"line":9,"column":45}},"5":{"start":{"line":10,"column":4},"end":{"line":13,"column":5}},"6":{"start":{"line":11,"column":6},"end":{"line":11,"column":91}},"7":{"start":{"line":12,"column":6},"end":{"line":12,"column":72}},"8":{"start":{"line":14,"column":4},"end":{"line":14,"column":41}},"9":{"start":{"line":16,"column":2},"end":{"line":16,"column":16}},"10":{"start":{"line":20,"column":2},"end":{"line":34,"column":3}},"11":{"start":{"line":21,"column":18},"end":{"line":21,"column":29}},"12":{"start":{"line":22,"column":4},"end":{"line":26,"column":5}},"13":{"start":{"line":23,"column":6},"end":{"line":23,"column":75}},"14":{"start":{"line":24,"column":11},"end":{"line":26,"column":5}},"15":{"start":{"line":25,"column":6},"end":{"line":25,"column":47}},"16":{"start":{"line":28,"column":19},"end":{"line":28,"column":38}},"17":{"start":{"line":29,"column":4},"end":{"line":29,"column":45}},"18":{"start":{"line":29,"column":31},"end":{"line":29,"column":45}},"19":{"start":{"line":30,"column":4},"end":{"line":30,"column":65}},"20":{"start":{"line":30,"column":46},"end":{"line":30,"column":65}},"21":{"start":{"line":31,"column":4},"end":{"line":31,"column":53}},"22":{"start":{"line":33,"column":4},"end":{"line":33,"column":67}},"23":{"start":{"line":38,"column":2},"end":{"line":55,"column":3}},"24":{"start":{"line":39,"column":19},"end":{"line":39,"column":45}},"25":{"start":{"line":40,"column":4},"end":{"line":43,"column":5}},"26":{"start":{"line":41,"column":6},"end":{"line":41,"column":91}},"27":{"start":{"line":42,"column":6},"end":{"line":42,"column":49}},"28":{"start":{"line":45,"column":4},"end":{"line":51,"column":6}},"29":{"start":{"line":53,"column":4},"end":{"line":53,"column":65}},"30":{"start":{"line":54,"column":4},"end":{"line":54,"column":34}},"31":{"start":{"line":58,"column":18},"end":{"line":58,"column":62}},"32":{"start":{"line":59,"column":23},"end":{"line":59,"column":74}},"33":{"start":{"line":60,"column":20},"end":{"line":60,"column":64}},"34":{"start":{"line":64,"column":2},"end":{"line":69,"column":5}},"35":{"start":{"line":67,"column":6},"end":{"line":67,"column":66}},"36":{"start":{"line":67,"column":23},"end":{"line":67,"column":54}},"37":{"start":{"line":73,"column":13},"end":{"line":73,"column":24}},"38":{"start":{"line":75,"column":2},"end":{"line":121,"column":3}},"39":{"start":{"line":76,"column":4},"end":{"line":76,"column":125}},"40":{"start":{"line":78,"column":20},"end":{"line":85,"column":6}},"41":{"start":{"line":87,"column":21},"end":{"line":91,"column":5}},"42":{"start":{"line":93,"column":17},"end":{"line":93,"column":30}},"43":{"start":{"line":94,"column":4},"end":{"line":96,"column":5}},"44":{"start":{"line":95,"column":6},"end":{"line":95,"column":52}},"45":{"start":{"line":98,"column":4},"end":{"line":98,"column":36}},"46":{"start":{"line":99,"column":19},"end":{"line":99,"column":38}},"47":{"start":{"line":101,"column":4},"end":{"line":101,"column":47}},"48":{"start":{"line":103,"column":4},"end":{"line":103,"column":59}},"49":{"start":{"line":105,"column":4},"end":{"line":118,"column":5}},"50":{"start":{"line":107,"column":8},"end":{"line":110,"column":35}},"51":{"start":{"line":112,"column":6},"end":{"line":117,"column":7}},"52":{"start":{"line":113,"column":22},"end":{"line":113,"column":68}},"53":{"start":{"line":114,"column":8},"end":{"line":114,"column":61}},"54":{"start":{"line":115,"column":8},"end":{"line":115,"column":65}},"55":{"start":{"line":115,"column":37},"end":{"line":115,"column":63}},"56":{"start":{"line":116,"column":8},"end":{"line":116,"column":57}},"57":{"start":{"line":120,"column":4},"end":{"line":120,"column":14}},"58":{"start":{"line":125,"column":2},"end":{"line":125,"column":88}},"59":{"start":{"line":127,"column":18},"end":{"line":127,"column":60}},"60":{"start":{"line":128,"column":17},"end":{"line":128,"column":51}},"61":{"start":{"line":130,"column":17},"end":{"line":130,"column":48}},"62":{"start":{"line":131,"column":16},"end":{"line":131,"column":53}},"63":{"start":{"line":133,"column":2},"end":{"line":133,"column":86}},"64":{"start":{"line":134,"column":2},"end":{"line":134,"column":15}},"65":{"start":{"line":137,"column":0},"end":{"line":140,"column":2}}},"fnMap":{"0":{"name":"getClient","decl":{"start":{"line":7,"column":9},"end":{"line":7,"column":18}},"loc":{"start":{"line":7,"column":21},"end":{"line":17,"column":1}},"line":7},"1":{"name":"safeParseJson","decl":{"start":{"line":19,"column":9},"end":{"line":19,"column":22}},"loc":{"start":{"line":19,"column":29},"end":{"line":35,"column":1}},"line":19},"2":{"name":"listAvailableModels","decl":{"start":{"line":37,"column":15},"end":{"line":37,"column":34}},"loc":{"start":{"line":37,"column":37},"end":{"line":56,"column":1}},"line":37},"3":{"name":"withTimeout","decl":{"start":{"line":63,"column":9},"end":{"line":63,"column":20}},"loc":{"start":{"line":63,"column":55},"end":{"line":70,"column":1}},"line":63},"4":{"name":"(anonymous_4)","decl":{"start":{"line":66,"column":16},"end":{"line":66,"column":17}},"loc":{"start":{"line":67,"column":6},"end":{"line":67,"column":66}},"line":67},"5":{"name":"(anonymous_5)","decl":{"start":{"line":67,"column":17},"end":{"line":67,"column":18}},"loc":{"start":{"line":67,"column":23},"end":{"line":67,"column":54}},"line":67},"6":{"name":"callGemini","decl":{"start":{"line":72,"column":15},"end":{"line":72,"column":25}},"loc":{"start":{"line":72,"column":64},"end":{"line":122,"column":1}},"line":72},"7":{"name":"(anonymous_7)","decl":{"start":{"line":115,"column":26},"end":{"line":115,"column":27}},"loc":{"start":{"line":115,"column":37},"end":{"line":115,"column":63}},"line":115},"8":{"name":"extractData","decl":{"start":{"line":124,"column":15},"end":{"line":124,"column":26}},"loc":{"start":{"line":124,"column":77},"end":{"line":135,"column":1}},"line":124}},"branchMap":{"0":{"loc":{"start":{"line":8,"column":2},"end":{"line":15,"column":3}},"type":"if","locations":[{"start":{"line":8,"column":2},"end":{"line":15,"column":3}},{"start":{},"end":{}}],"line":8},"1":{"loc":{"start":{"line":10,"column":4},"end":{"line":13,"column":5}},"type":"if","locations":[{"start":{"line":10,"column":4},"end":{"line":13,"column":5}},{"start":{},"end":{}}],"line":10},"2":{"loc":{"start":{"line":22,"column":4},"end":{"line":26,"column":5}},"type":"if","locations":[{"start":{"line":22,"column":4},"end":{"line":26,"column":5}},{"start":{"line":24,"column":11},"end":{"line":26,"column":5}}],"line":22},"3":{"loc":{"start":{"line":24,"column":11},"end":{"line":26,"column":5}},"type":"if","locations":[{"start":{"line":24,"column":11},"end":{"line":26,"column":5}},{"start":{},"end":{}}],"line":24},"4":{"loc":{"start":{"line":29,"column":4},"end":{"line":29,"column":45}},"type":"if","locations":[{"start":{"line":29,"column":4},"end":{"line":29,"column":45}},{"start":{},"end":{}}],"line":29},"5":{"loc":{"start":{"line":30,"column":4},"end":{"line":30,"column":65}},"type":"if","locations":[{"start":{"line":30,"column":4},"end":{"line":30,"column":65}},{"start":{},"end":{}}],"line":30},"6":{"loc":{"start":{"line":30,"column":8},"end":{"line":30,"column":44}},"type":"binary-expr","locations":[{"start":{"line":30,"column":8},"end":{"line":30,"column":14}},{"start":{"line":30,"column":18},"end":{"line":30,"column":44}}],"line":30},"7":{"loc":{"start":{"line":40,"column":4},"end":{"line":43,"column":5}},"type":"if","locations":[{"start":{"line":40,"column":4},"end":{"line":43,"column":5}},{"start":{},"end":{}}],"line":40},"8":{"loc":{"start":{"line":58,"column":27},"end":{"line":58,"column":57}},"type":"binary-expr","locations":[{"start":{"line":58,"column":27},"end":{"line":58,"column":48}},{"start":{"line":58,"column":52},"end":{"line":58,"column":57}}],"line":58},"9":{"loc":{"sta
[...]
},"58":{"start":{"line":143,"column":4},"end":{"line":157,"column":5}},"59":{"start":{"line":144,"column":23},"end":{"line":144,"column":55}},"60":{"start":{"line":145,"column":6},"end":{"line":154,"column":9}},"61":{"start":{"line":147,"column":21},"end":{"line":147,"column":44}},"62":{"start":{"line":148,"column":24},"end":{"line":148,"column":48}},"63":{"start":{"line":149,"column":8},"end":{"line":153,"column":9}},"64":{"start":{"line":151,"column":10},"end":{"line":151,"column":22}},"65":{"start":{"line":152,"column":10},"end":{"line":152,"column":33}},"66":{"start":{"line":162,"column":22},"end":{"line":172,"column":3}},"67":{"start":{"line":173,"column":2},"end":{"line":188,"column":5}},"68":{"start":{"line":174,"column":4},"end":{"line":187,"column":5}},"69":{"start":{"line":175,"column":23},"end":{"line":175,"column":55}},"70":{"start":{"line":176,"column":6},"end":{"line":184,"column":9}},"71":{"start":{"line":179,"column":28},"end":{"line":179,"column":57}},"72":{"start":{"line":180,"column":8},"end":{"line":183,"column":9}},"73":{"start":{"line":181,"column":10},"end":{"line":181,"column":22}},"74":{"start":{"line":182,"column":10},"end":{"line":182,"column":29}},"75":{"start":{"line":192,"column":25},"end":{"line":200,"column":3}},"76":{"start":{"line":201,"column":2},"end":{"line":221,"column":5}},"77":{"start":{"line":202,"column":4},"end":{"line":220,"column":5}},"78":{"start":{"line":203,"column":23},"end":{"line":203,"column":55}},"79":{"start":{"line":204,"column":6},"end":{"line":217,"column":9}},"80":{"start":{"line":207,"column":26},"end":{"line":207,"column":44}},"81":{"start":{"line":208,"column":30},"end":{"line":209,"column":54}},"82":{"start":{"line":210,"column":28},"end":{"line":210,"column":57}},"83":{"start":{"line":213,"column":8},"end":{"line":216,"column":9}},"84":{"start":{"line":214,"column":10},"end":{"line":214,"column":22}},"85":{"start":{"line":215,"column":10},"end":{"line":215,"column":32}},"86":{"start":{"line":224,"column":17},"end":{"line":229,"column":3}},"87":{"start":{"line":230,"column":19},"end":{"line":230,"column":21}},"88":{"start":{"line":232,"column":2},"end":{"line":234,"column":3}},"89":{"start":{"line":233,"column":4},"end":{"line":233,"column":24}},"90":{"start":{"line":235,"column":2},"end":{"line":238,"column":5}},"91":{"start":{"line":236,"column":4},"end":{"line":236,"column":21}},"92":{"start":{"line":237,"column":4},"end":{"line":237,"column":28}},"93":{"start":{"line":242,"column":26},"end":{"line":242,"column":79}},"94":{"start":{"line":243,"column":26},"end":{"line":243,"column":27}},"95":{"start":{"line":244,"column":2},"end":{"line":258,"column":5}},"96":{"start":{"line":246,"column":31},"end":{"line":246,"column":33}},"97":{"start":{"line":247,"column":4},"end":{"line":253,"column":5}},"98":{"start":{"line":247,"column":17},"end":{"line":247,"column":18}},"99":{"start":{"line":248,"column":19},"end":{"line":248,"column":35}},"100":{"start":{"line":249,"column":6},"end":{"line":252,"column":7}},"101":{"start":{"line":251,"column":8},"end":{"line":251,"column":43}},"102":{"start":{"line":254,"column":4},"end":{"line":257,"column":7}},"103":{"start":{"line":255,"column":6},"end":{"line":255,"column":35}},"104":{"start":{"line":256,"column":6},"end":{"line":256,"column":26}},"105":{"start":{"line":262,"column":13},"end":{"line":262,"column":28}},"106":{"start":{"line":263,"column":25},"end":{"line":263,"column":36}},"107":{"start":{"line":266,"column":2},"end":{"line":271,"column":12}},"108":{"start":{"line":273,"column":27},"end":{"line":273,"column":38}},"109":{"start":{"line":274,"column":27},"end":{"line":274,"column":85}},"110":{"start":{"line":277,"column":2},"end":{"line":277,"column":59}},"111":{"start":{"line":278,"column":2},"end":{"line":279,"column":60}},"112":{"start":{"line":279,"column":49},"end":{"line":279,"column":54}},"113":{"start":{"line":280,"column":2},"end":{"line":280,"column":70}},"114":{"start":{"line":281,"column":2},"end":{"line":285,"column":4}},"115":{"start":{"line":288,"column":2},"end":{"line":288,"column":14}},"116":{"start":{"line":300,"column":2},"end":{"line":300,"column":29}},"117":{"start":{"line":300,"column":19},"end":{"line":300,"column":29}},"118":{"start":{"line":302,"column":2},"end":{"line":302,"column":86}},"119":{"start":{"line":305,"column":16},"end":{"line":308,"column":57}},"120":{"start":{"line":311,"column":2},"end":{"line":311,"column":63}},"121":{"start":{"line":314,"column":2},"end":{"line":314,"column":52}},"122":{"start":{"line":317,"column":2},"end":{"line":319,"column":37}},"123":{"start":{"line":322,"column":2},"end":{"line":325,"column":54}},"124":{"start":{"line":328,"column":2},"end":{"line":331,"column":60}},"125":{"start":{"line":335,"column":2},"end":{"line":335,"column":211}},"126":{"start":{"line":338,"column":2},"end":{"line":343,"column":12}},"127":{"start":{"line":345,"column":27},"end":{"line":345,"column":86}},"128":{"start":{"line":346,"column":2},"end":{"line":349,"column":5}},"129":{"start":{"line":351,"column":2},"end":{"line":351,"column":17}},"130":{"start":{"line":355,"column":0},"end":{"line":358,"column":2}}},"fnMap":{"0":{"name":"cleanRawHtml","decl":{"start":{"line":20,"column":9},"end":{"line":20,"column":21}},"loc":{"start":{"line":20,"column":24},"end":{"line":289,"column":1}},"line":20},"1":{"name":"hasTextContent","decl":{"start":{"line":25,"column":11},"end":{"line":25,"column":25}},"loc":{"start":{"line":25,"column":35},"end":{"line":28,"column":3}},"line":25},"2":{"name":"hasHiddenInlineStyle","decl":{"start":{"line":31,"column":11},"end":{"line":31,"column":31}},"loc":{"start":{"line":31,"column":41},"end":{"line":42,"column":3}},"line":31},"3":{"name":"(anonymous_3)","decl":{"start":{"line":48,"column":18},"end":{"line":48,"column":19}},"loc":{"start":{"line":48,"column":24},"end":{"line":48,"column":35}},"line":48},"4":{"name":"(anonymous_4)","decl":{"start":{"line":53,"column":17},"end":{"line":53,"column":18}},"loc":{"start":{"line":53,"column":23},"end":{"line":53,"column":34}},"line":53},"5":{"name":"(anonymous_5)","decl":{"start":{"line":58,"column":20},"end":{"line":58,"column":21}},"loc":{"start":{"line":58,"column":26},"end":{"line":58,"column":37}},"line":58},"6":{"name":"(anonymous_6)","decl":{"start":{"line":63,"column":15},"end":{"line":63,"column":16}},"loc":{"start":{"line":63,"column":21},"end":{"line":63,"column":32}},"line":63},"7":{"name":"(anonymous_7)","decl":{"start":{"line":69,"column":16},"end":{"line":69,"column":17}},"loc":{"start":{"line":69,"column":22},"end":{"line":69,"column":33}},"line":69},"8":{"name":"(anonymous_8)","decl":{"start":{"line":70,"column":16},"end":{"line":70,"column":17}},"loc":{"start":{"line":70,"column":22},"end":{"line":70,"column":33}},"line":70},"9":{"name":"(anonymous_9)","decl":{"start":{"line":82,"column":24},"end":{"line":82,"column":25}},"loc":{"start":{"line":82,"column":36},"end":{"line":94,"column":3}},"line":82},"10":{"name":"(anonymous_10)","decl":{"start":{"line":85,"column":20},"end":{"line":85,"column":21}},"loc":{"start":{"line":85,"column":26},"end":{"line":90,"column":7}},"line":85},"11":{"name":"(anonymous_11)","decl":{"start":{"line":99,"column":22},"end":{"line":99,"column":23}},"loc":{"start":{"line":99,"column":28},"end":{"line":104,"column":3}},"line":99},"12":{"name":"(anonymous_12)","decl":{"start":{"line":115,"column":31},"end":{"line":115,"column":32}},"loc":{"start":{"line":115,"column":43},"end":{"line":129,"column":3}},"line":115},"13":{"name":"(anonymous_13)","decl":{"start":{"line":118,"column":23},"end":{"line":118,"column":24}},"loc":{"start":{"line":118,"column":29},"end":{"line":125,"column":7}},"line":118},"14":{"name":"(anonymous_14)","decl":{"start":{"line":142,"column":26},"end":{"line":142,"column":27}},"loc":{"start":{"line":142,"column":38},"end":{"line":158,"column":3}},"line":142},"15":{"name":"(anonymous_15)","decl":{"start":{"line":145,"column":23},"end":{"line":145,"column":24}},"loc":{"start":{"line":145,"column":29},"end":{"line":154,"column":7}},"line":145},"16":{"name":"(anonymous_16)","decl":{"start":{"line":173,"column":22},"end":{"line":173,"column":23}},"loc":{"start":{"line":173,"column":34},"end":{"line":188,"column":3}},"line":173},"17":{"name":"(anonymous_17)","decl":{"start":{"line":176,"column":23},"end":{"line":176,"column":24}},"loc":{"start":{"line":176,"column":29},"end":{"line":184,"column":7}},"line":176},"18":{"name":"(anonymous_18)","decl":{"start":{"line":201,"column":25},"end":{"line":201,"column":26}},"loc":{"start":{"line":201,"column":37},"end":{"line":221,"column":3}},"line":201},"19":{"name":"(anonymous_19)","decl":{"start":{"line":204,"column":23},"end":{"line":204,"column":24}},"loc":{"start":{"line":204,"column":29},"end":{"line":217,"column":7}},"line":204},"20":{"name":"(anonymous_20)","decl":{"start":{"line":235,"column":19},"end":{"line":235,"column":20}},"loc":{"start":{"line":235,"column":30},"end":{"line":238,"column":3}},"line":235},"21":{"name":"(anonymous_21)","decl":{"start":{"line":244,"column":26},"end":{"line":244,"column":27}},"loc":{"start":{"line":244,"column":32},"end":{"line":258,"column":3}},"line":244},"22":{"name":"(anonymous_22)","decl":{"start":{"line":254,"column":31},"end":{"line":254,"column":32}},"loc":{"start":{"line":254,"column":43},"end":{"line":257,"column":5}},"line":254},"23":{"name":"(anonymous_23)","decl":{"start":{"line":279,"column":39},"end":{"line":279,"column":40}},"loc":{"start":{"line":279,"column":49},"end":{"line":279,"column":54}},"line":279},"24":{"name":"cleanHTMLString","decl":{"start":{"line":299,"column":9},"end":{"line":299,"column":24}},"loc":{"start":{"line":299,"column":37},"end":{"line":352,"column":1}},"line":299}},"branchMap":{"0":{"loc":{"start":{"line":26,"column":17},"end":{"line":26,"column":42}},"type":"binary-expr","locations":[{"start":{"line":26,"column":17},"end":{"line":26,"column":36}},{"start":{"line":26,"column":40},"end":{"line":26,"column":42}}],"line":26},"1":{"loc":{"start":{"line":32,"column":4},"end":{"line":34,"column":5}},"type":"if","locations":[{"start":{"line":32,"column":4},"end":{"line":34,"column":5}},{"start":{},"end":{}}],"line":32},"2":{"loc":{"start":{"line":37,"column":4},"end":{"line":39,"column":5}},"type":"if","locations":[{"start":{"line":37,"column":4},"end":{"line":39,"column":5}},{"start":{},"end":{}}],"line":37},"3":{"loc":{"start":{"line":37,"column":8},"end":{"line":37,"column":90}},"type":"binary-expr","locations":[{"start":{"line":37,"column":8},"end":{"line":37,"column":32}},{"start":{"line":37,"column":36},"end":{"line":37,"column":65}},{"start":{"line":37,"column":69},"end":{"line":37,"column":90}}],"line":37},"4":{"loc":{"start":{"line":86,"column":8},"end":{"line":89,"column":9}},"type":"if","locations":[{"start":{"line":86,"column":8},"end":{"line":89,"column":9}},{"start":{},"end":{}}],"line":86},"5":{"loc":{"start":{"line":100,"column":4},"end":{"line":103,"column":5}},"type":"if","locations":[{"start":{"line":100,"column":4},"end":{"line":103,"column":5}},{"start":{},"end":{}}],"line":100},"6":{"loc":{"start":{"line":120,"column":22},"end":{"line":120,"column":42}},"type":"binary-expr","locations":[{"start":{"line":120,"column":22},"end":{"line":120,"column":36}},{"start":{"line":120,"column":40},"end":{"line":120,"column":42}}],"line":120},"7":{"loc":{"start":{"line":121,"column":8},"end":{"line":124,"column":9}},"type":"if","locations":[{"start":{"line":121,"column":8},"end":{"line":124,"column":9}},{"start":{},"end":{}}],"line":121},"8":{"loc":{"start":{"line":121,"column":12},"end":{"line":121,"column":51}},"type":"binary-expr","locations":[{"start":{"line":121,"column":12},"end":{"line":121,"column":28}},{"start":{"line":121,"column":32},"end":{"line":121,"column":51}}],"line":121},"9":{"loc":{"start":{"line":149,"column":8},"end":{"line":153,"column":9}},"type":"if","locations":[{"start":{"line":149,"column":8},"end":{"line":153,"column":9}},{"start":{},"end":{}}],"line":149},"10":{"loc":{"start":{"line":149,"column":12},"end":{"line":150,"column":53}},"type":"binary-expr","locations":[{"start":{"line":149,"column":12},"end":{"line":149,"column":29}},{"start":{"line":149,"column":33},"end":{"line":149,"column":50}},{"start":{"line":149,"column":54},"end":{"line":149,"column":70}},{"start":{"line":150,"column":10},"end":{"line":150,"column":29}},{"start":{"line":150,"column":33},"end":{"line":150,"column":53}}],"line":149},"11":{"loc":{"start":{"line":179,"column":29},"end":{"line":179,"column":49}},"type":"binary-expr","locations":[{"start":{"line":179,"column":29},"end":{"line":179,"column":43}},{"start":{"line":179,"column":47},"end":{"line":179,"column":49}}],"line":179},"12":{"loc":{"start":{"line":180,"column":8},"end":{"line":183,"column":9}},"type":"if","locations":[{"start":{"line":180,"column":8},"end":{"line":183,"column":9}},{"start":{},"end":{}}],"line":180},"13":{"loc":{"start":{"line":207,"column":26},"end":{"line":207,"column":44}},"type":"binary-expr","locations":[{"start":{"line":207,"column":26},"end":{"line":207,"column":38}},{"start":{"line":207,"column":42},"end":{"line":207,"column":44}}],"line":207},"14":{"loc":{"start":{"line":208,"column":30},"end":{"line":209,"column":54}},"type":"binary-expr","locations":[{"start":{"line":208,"column":30},"end":{"line":208,"column":73}},{"start":{"line":209,"column":10},"end":{"line":209,"column":54}}],"line":208},"15":{"loc":{"start":{"line":210,"column":29},"end":{"line":210,"column":49}},"type":"binary-expr","locations":[{"start":{"line":210,"column":29},"end":{"line":210,"column":43}},{"start":{"line":210,"column":47},"end":{"line":210,"column":49}}],"line":210},"16":{"loc":{"start":{"line":213,"column":8},"end":{"line":216,"column":9}},"type":"if","locations":[{"start":{"line":213,"column":8},"end":{"line":216,"column":9}},{"start":{},"end":{}}],"line":213},"17":{"loc":{"start":{"line":213,"column":12},"end":{"line":213,"column":52}},"type":"binary-expr","locations":[{"start":{"line":213,"column":12},"end":{"line":213,"column":25}},{"start":{"line":213,"column":29},"end":{"line":213,"column":52}}],"line":213},"18":{"loc":{"start":{"line":249,"column":6},"end":{"line":252,"column":7}},"type":"if","locations":[{"start":{"line":249,"column":6},"end":{"line":252,"column":7}},{"start":{},"end":{}}],"line":249},"19":{"loc":{"start":{"line":249,"column":10},"end":{"line":250,"column":70}},"type":"binary-expr","locations":[{"start":{"line":249,"column":10},"end":{"line":249,"column":31}},{"start":{"line":249,"column":35},"end":{"line":249,"column":53}},{"start":{"line":249,"column":57},"end":{"line":249,"column":78}},{"start":{"line":250,"column":8},"end":{"line":250,"column":37}},{"start":{"line":250,"column":41},"end":{"line":250,"column":70}}],"line":249},"20":{"loc":{"start":{"line":300,"column":2},"end":{"line":300,"column":29}},"type":"if","locations":[{"start":{"line":300,"column":2},"end":{"line":300,"column":29}},{"start":{},"end":{}}],"line":300}},"s":{"0":1,"1":0,"2":0,"3":0,"4":0,"5":0,"6":0,"7":0,"8":0,"9":0,"10":0,"11":0,"12":0,"13":0,"14":0,"15":0,"16":0,"17":0,"18":0,"19":0,"20":0,"21":0,"22":0,"23":0,"24":0,"25":0,"26":0,"27":0,"28":0,"29":0,"30":0,"31":0,"32":0,"33":0,"34":0,"35":0,"36":0,"37":0,"38":0,"39":0,"40":0,"41":0,"42":0,"43":0,"44":0,"45":0,"46":0,"47":0,"48":0,"49":0,"50":0,"51":0,"52":0,"53":0,"54":0,"55":0,"56":0,"57":0,"58":0,"59":0,"60":0,"61":0,"62":0,"63":0,"64":0,"65":0,"66":0,"67":0,"68":0,"69":0,"70":0,"71":0,"72":0,"73":0,"74":0,"75":0,"76":0,"77":0,"78":0,"79":0,"80":0,"81":0,"82":0,"83":0,"84":0,"85":0,"86":0,"87":0,"88":0,"89":0,"90":0,"91":0,"92":0,"93":0,"94":0,"95":0,"96":0,"97":0,"98":0,"99":0,"100":0,"101":0,"102":0,"103":0,"104":0,"105":0,"106":0,"107":0,"108":0,"109":0,"110":0,"111":0,"112":0,"113":0,"114":0,"115":0,"116":38,"117":3,"118":35,"119":35,"120":35,"121":35,"122":35,"123":35,"124":35,"125":35,"126":35,"127":35,"128":35,"129":35,"130":1},"f":{"0":0,"1":0,"2":0,"3":0,"4":0,"5":0,"6":0,"7":0,"8":0,"9":0,"10":0,"11":0,"12":0,"13":0,"14":0,"15":0,"16":0,"17":0,"18":0,"19":0,"20":0,"21":0,"22":0,"23":0,"24":38},"b":{"0":[0,0],"1":[0,0],"2":[0,0],"3":[0,0,0],"4":[0,0],"5":[0,0],"6":[0,0],"7":[0,0],"8":[0,0],"9":[0,0],"10":[0,0,0,0,0],"11":[0,0],"12":[0,0],"13":[0,0],"14":[0,0],"15":[0,0],"16":[0,0],"17":[0,0],"18":[0,0],"19":[0,0,0,0,0],"20":[3,35]},"_coverageSchema":"1a1c01bbd47fc00a2c39e90264f33305004495a9","hash":"56080c4b65a71f83c6a0afe4320d8eeb816701c6"}
,"C:\\Users\\Karim\\Desktop\\scrape2sheets\\backend\\utils\\logger.js": {"path":"C:\\Users\\Karim\\Desktop\\scrape2sheets\\backend\\utils\\logger.js","statementMap":{"0":{"start":{"line":1,"column":16},"end":{"line":1,"column":34}},"1":{"start":{"line":2,"column":13},"end":{"line":2,"column":28}},"2":{"start":{"line":3,"column":15},"end":{"line":3,"column":38}},"3":{"start":{"line":4,"column":24},"end":{"line":4,"column":72}},"4":{"start":{"line":7,"column":15},"end":{"line":13,"column":1}},"5":{"start":{"line":16,"column":15},"end":{"line":22,"column":1}},"6":{"start":{"line":25,"column":0},"end":{"line":25,"column":26}},"7":{"start":{"line":28,"column":15},"end":{"line":33,"column":1}},"8":{"start":{"line":36,"column":22},"end":{"line":44,"column":1}},"9":{"start":{"line":40,"column":51},"end":{"line":40,"column":55}},"10":{"start":{"line":41,"column":20},"end":{"line":41,"column":81}},"11":{"start":{"line":42,"column":4},"end":{"line":42,"column":60}},"12":{"start":{"line":47,"column":19},"end":{"line":64,"column":1}},"13":{"start":{"line":68,"column":0},"end":{"line":77,"column":1}},"14":{"start":{"line":69,"column":2},"end":{"line":76,"column":4}},"15":{"start":{"line":81,"column":15},"end":{"line":87,"column":2}},"16":{"start":{"line":90,"column":0},"end":{"line":94,"column":2}},"17":{"start":{"line":92,"column":4},"end":{"line":92,"column":32}},"18":{"start":{"line":96,"column":0},"end":{"line":96,"column":24}}},"fnMap":{"0":{"name":"(anonymous_0)","decl":{"start":{"line":39,"column":24},"end":{"line":39,"column":25}},"loc":{"start":{"line":39,"column":34},"end":{"line":43,"column":3}},"line":39},"1":{"name":"(anonymous_1)","decl":{"start":{"line":91,"column":9},"end":{"line":91,"column":10}},"loc":{"start":{"line":91,"column":22},"end":{"line":93,"column":3}},"line":91}},"branchMap":{"0":{"loc":{"start":{"line":41,"column":20},"end":{"line":41,"column":81}},"type":"cond-expr","locations":[{"start":{"line":41,"column":47},"end":{"line":41,"column":76}},{"start":{"line":41,"column":79},"end":{"line":41,"column":81}}],"line":41},"1":{"loc":{"start":{"line":51,"column":12},"end":{"line":51,"column":86}},"type":"binary-expr","locations":[{"start":{"line":51,"column":12},"end":{"line":51,"column":49}},{"start":{"line":51,"column":53},"end":{"line":51,"column":86}}],"line":51},"2":{"loc":{"start":{"line":68,"column":0},"end":{"line":77,"column":1}},"type":"if","locations":[{"start":{"line":68,"column":0},"end":{"line":77,"column":1}},{"start":{},"end":{}}],"line":68},"3":{"loc":{"start":{"line":82,"column":9},"end":{"line":82,"column":40}},"type":"binary-expr","locations":[{"start":{"line":82,"column":9},"end":{"line":82,"column":30}},{"start":{"line":82,"column":34},"end":{"line":82,"column":40}}],"line":82}},"s":{"0":0,"1":0,"2":0,"3":0,"4":0,"5":0,"6":0,"7":0,"8":0,"9":0,"10":0,"11":0,"12":0,"13":0,"14":0,"15":0,"16":0,"17":0,"18":0},"f":{"0":0,"1":0},"b":{"0":[0,0],"1":[0,0],"2":[0,0],"3":[0,0]}}
,"C:\\Users\\Karim\\Desktop\\scrape2sheets\\backend\\utils\\prompt-builder.js": {"path":"C:\\Users\\Karim\\Desktop\\scrape2sheets\\backend\\utils\\prompt-builder.js","statementMap":{"0":{"start":{"line":2,"column":2},"end":{"line":18,"column":14}},"1":{"start":{"line":21,"column":0},"end":{"line":23,"column":2}}},"fnMap":{"0":{"name":"buildPrompt","decl":{"start":{"line":1,"column":9},"end":{"line":1,"column":20}},"loc":{"start":{"line":1,"column":44},"end":{"line":19,"column":1}},"line":1}},"branchMap":{},"s":{"0":0,"1":0},"f":{"0":0},"b":{}}
}
