TN:
SF:middleware\auth.js
FN:9,requireAuth
FNF:1
FNH:1
FNDA:7,requireAuth
DA:1,1
DA:2,1
DA:10,7
DA:12,7
DA:14,7
DA:15,2
DA:16,2
DA:22,5
DA:24,5
DA:25,1
DA:26,1
DA:33,4
DA:35,3
DA:36,1
DA:37,1
DA:43,2
DA:44,1
DA:45,1
DA:52,1
DA:53,1
DA:54,1
DA:56,1
DA:58,1
DA:60,1
DA:61,1
DA:68,1
LF:26
LH:26
BRDA:14,0,0,2
BRDA:14,0,1,5
BRDA:14,1,0,7
BRDA:14,1,1,6
BRDA:24,2,0,1
BRDA:24,2,1,4
BRDA:35,3,0,1
BRDA:35,3,1,2
BRDA:43,4,0,1
BRDA:43,4,1,1
BRF:10
BRH:10
end_of_record
TN:
SF:middleware\rate-limit.js
FN:23,(anonymous_0)
FN:40,(anonymous_1)
FN:53,(anonymous_2)
FN:74,(anonymous_3)
FN:90,(anonymous_4)
FN:116,(anonymous_5)
FN:141,(anonymous_6)
FNF:7
FNH:3
FNDA:0,(anonymous_0)
FNDA:3,(anonymous_1)
FNDA:6,(anonymous_2)
FNDA:5,(anonymous_3)
FNDA:0,(anonymous_4)
FNDA:0,(anonymous_5)
FNDA:0,(anonymous_6)
DA:1,1
DA:2,1
DA:23,1
DA:24,0
DA:25,0
DA:32,0
DA:40,1
DA:42,3
DA:43,3
DA:45,1
DA:49,2
DA:53,1
DA:55,6
DA:56,3
DA:59,3
DA:63,1
DA:76,5
DA:81,1
DA:91,0
DA:96,0
DA:107,1
DA:117,0
DA:118,0
DA:122,0
DA:132,1
DA:142,0
DA:143,0
DA:147,0
DA:156,1
LF:29
LH:18
BRDA:24,0,0,0
BRDA:24,0,1,0
BRDA:43,1,0,1
BRDA:43,1,1,2
BRDA:49,2,0,2
BRDA:49,2,1,0
BRDA:49,2,2,0
BRDA:55,3,0,3
BRDA:55,3,1,3
BRDA:117,4,0,0
BRDA:117,4,1,0
BRDA:142,5,0,0
BRDA:142,5,1,0
BRF:13
BRH:5
end_of_record
TN:
SF:routes\auth.js
FN:12,(anonymous_0)
FN:62,(anonymous_1)
FN:208,(anonymous_2)
FNF:3
FNH:0
FNDA:0,(anonymous_0)
FNDA:0,(anonymous_1)
FNDA:0,(anonymous_2)
DA:1,0
DA:2,0
DA:3,0
DA:4,0
DA:6,0
DA:12,0
DA:13,0
DA:14,0
DA:17,0
DA:18,0
DA:22,0
DA:34,0
DA:35,0
DA:36,0
DA:42,0
DA:44,0
DA:49,0
DA:50,0
DA:62,0
DA:63,0
DA:64,0
DA:66,0
DA:67,0
DA:68,0
DA:74,0
DA:77,0
DA:78,0
DA:79,0
DA:80,0
DA:81,0
DA:82,0
DA:84,0
DA:85,0
DA:86,0
DA:92,0
DA:98,0
DA:100,0
DA:101,0
DA:102,0
DA:108,0
DA:111,0
DA:119,0
DA:121,0
DA:122,0
DA:140,0
DA:141,0
DA:142,0
DA:148,0
DA:151,0
DA:152,0
DA:157,0
DA:158,0
DA:160,0
DA:161,0
DA:164,0
DA:171,0
DA:175,0
DA:196,0
DA:197,0
DA:208,0
DA:209,0
DA:210,0
DA:213,0
DA:215,0
DA:216,0
DA:220,0
DA:225,0
DA:226,0
DA:233,0
LF:69
LH:0
BRDA:18,0,0,0
BRDA:18,0,1,0
BRDA:34,1,0,0
BRDA:34,1,1,0
BRDA:66,2,0,0
BRDA:66,2,1,0
BRDA:84,3,0,0
BRDA:84,3,1,0
BRDA:100,4,0,0
BRDA:100,4,1,0
BRDA:100,5,0,0
BRDA:100,5,1,0
BRDA:119,6,0,0
BRDA:119,6,1,0
BRDA:140,7,0,0
BRDA:140,7,1,0
BRDA:157,8,0,0
BRDA:157,8,1,0
BRDA:160,9,0,0
BRDA:160,9,1,0
BRDA:171,10,0,0
BRDA:171,10,1,0
BRDA:185,11,0,0
BRDA:185,11,1,0
BRDA:215,12,0,0
BRDA:215,12,1,0
BRF:26
BRH:0
end_of_record
TN:
SF:routes\billing.js
FN:54,(anonymous_0)
FN:61,(anonymous_1)
FN:100,(anonymous_2)
FN:233,(anonymous_3)
FN:272,(anonymous_4)
FN:305,(anonymous_5)
FN:319,(anonymous_6)
FN:333,(anonymous_7)
FNF:8
FNH:0
FNDA:0,(anonymous_0)
FNDA:0,(anonymous_1)
FNDA:0,(anonymous_2)
FNDA:0,(anonymous_3)
FNDA:0,(anonymous_4)
FNDA:0,(anonymous_5)
FNDA:0,(anonymous_6)
FNDA:0,(anonymous_7)
DA:1,0
DA:2,0
DA:3,0
DA:4,0
DA:5,0
DA:7,0
DA:10,0
DA:11,0
DA:12,0
DA:13,0
DA:14,0
DA:16,0
DA:19,0
DA:24,0
DA:26,0
DA:27,0
DA:33,0
DA:36,0
DA:37,0
DA:43,0
DA:47,0
DA:54,0
DA:61,0
DA:62,0
DA:64,0
DA:65,0
DA:66,0
DA:72,0
DA:73,0
DA:74,0
DA:80,0
DA:82,0
DA:87,0
DA:88,0
DA:89,0
DA:93,0
DA:95,0
DA:96,0
DA:100,0
DA:103,0
DA:110,0
DA:116,0
DA:117,0
DA:121,0
DA:123,0
DA:125,0
DA:127,0
DA:131,0
DA:133,0
DA:139,0
DA:140,0
DA:142,0
DA:145,0
DA:146,0
DA:150,0
DA:153,0
DA:161,0
DA:173,0
DA:180,0
DA:181,0
DA:185,0
DA:191,0
DA:193,0
DA:203,0
DA:204,0
DA:207,0
DA:208,0
DA:209,0
DA:210,0
DA:211,0
DA:212,0
DA:213,0
DA:214,0
DA:215,0
DA:216,0
DA:217,0
DA:221,0
DA:222,0
DA:225,0
DA:233,0
DA:234,0
DA:236,0
DA:237,0
DA:238,0
DA:244,0
DA:250,0
DA:251,0
DA:254,0
DA:259,0
DA:261,0
DA:263,0
DA:264,0
DA:272,0
DA:273,0
DA:274,0
DA:280,0
DA:281,0
DA:284,0
DA:296,0
DA:297,0
DA:305,0
DA:306,0
DA:307,0
DA:308,0
DA:319,0
DA:323,0
DA:324,0
DA:333,0
DA:335,0
DA:336,0
DA:337,0
DA:340,0
DA:343,0
DA:344,0
DA:346,0
DA:347,0
DA:350,0
DA:352,0
DA:353,0
DA:355,0
DA:356,0
DA:357,0
DA:359,0
DA:362,0
DA:363,0
DA:364,0
DA:366,0
DA:367,0
DA:368,0
DA:371,0
DA:385,0
DA:386,0
DA:390,0
DA:391,0
DA:392,0
DA:394,0
DA:395,0
DA:397,0
DA:403,0
DA:404,0
DA:405,0
DA:406,0
DA:409,0
DA:414,0
DA:415,0
DA:419,0
DA:420,0
DA:421,0
DA:423,0
DA:435,0
DA:436,0
DA:440,0
DA:441,0
DA:442,0
DA:445,0
DA:451,0
DA:452,0
DA:460,0
DA:462,0
DA:466,0
DA:467,0
DA:468,0
DA:471,0
DA:472,0
DA:478,0
DA:479,0
DA:489,0
DA:492,0
DA:496,0
DA:500,0
DA:503,0
LF:171
LH:0
BRDA:11,0,0,0
BRDA:11,0,1,0
BRDA:26,1,0,0
BRDA:26,1,1,0
BRDA:36,2,0,0
BRDA:36,2,1,0
BRDA:52,3,0,0
BRDA:52,3,1,0
BRDA:53,4,0,0
BRDA:53,4,1,0
BRDA:64,5,0,0
BRDA:64,5,1,0
BRDA:72,6,0,0
BRDA:72,6,1,0
BRDA:84,7,0,0
BRDA:84,7,1,0
BRDA:87,8,0,0
BRDA:87,8,1,0
BRDA:95,9,0,0
BRDA:95,9,1,0
BRDA:98,10,0,0
BRDA:98,10,1,0
BRDA:105,11,0,0
BRDA:105,11,1,0
BRDA:116,12,0,0
BRDA:116,12,1,0
BRDA:116,13,0,0
BRDA:116,13,1,0
BRDA:123,14,0,0
BRDA:123,14,1,0
BRDA:177,15,0,0
BRDA:177,15,1,0
BRDA:180,16,0,0
BRDA:180,16,1,0
BRDA:199,17,0,0
BRDA:199,17,1,0
BRDA:207,18,0,0
BRDA:207,18,1,0
BRDA:208,19,0,0
BRDA:208,19,1,0
BRDA:210,20,0,0
BRDA:210,20,1,0
BRDA:213,21,0,0
BRDA:213,21,1,0
BRDA:216,22,0,0
BRDA:216,22,1,0
BRDA:221,23,0,0
BRDA:221,23,1,0
BRDA:221,24,0,0
BRDA:221,24,1,0
BRDA:221,24,2,0
BRDA:236,25,0,0
BRDA:236,25,1,0
BRDA:250,26,0,0
BRDA:250,26,1,0
BRDA:250,27,0,0
BRDA:250,27,1,0
BRDA:280,28,0,0
BRDA:280,28,1,0
BRDA:280,29,0,0
BRDA:280,29,1,0
BRDA:313,30,0,0
BRDA:313,30,1,0
BRDA:316,31,0,0
BRDA:316,31,1,0
BRDA:335,32,0,0
BRDA:335,32,1,0
BRDA:353,33,0,0
BRDA:353,33,1,0
BRDA:353,33,2,0
BRDA:353,33,3,0
BRDA:353,33,4,0
BRDA:359,34,0,0
BRDA:359,34,1,0
BRDA:359,35,0,0
BRDA:359,35,1,0
BRDA:366,36,0,0
BRDA:366,36,1,0
BRDA:392,37,0,0
BRDA:392,37,1,0
BRDA:403,38,0,0
BRDA:403,38,1,0
BRDA:421,39,0,0
BRDA:421,39,1,0
BRDA:442,40,0,0
BRDA:442,40,1,0
BRDA:451,41,0,0
BRDA:451,41,1,0
BRDA:468,42,0,0
BRDA:468,42,1,0
BRDA:471,43,0,0
BRDA:471,43,1,0
BRDA:478,44,0,0
BRDA:478,44,1,0
BRF:94
BRH:0
end_of_record
TN:
SF:routes\scrape.js
FN:22,(anonymous_0)
FN:35,(anonymous_1)
FNF:2
FNH:0
FNDA:0,(anonymous_0)
FNDA:0,(anonymous_1)
DA:1,0
DA:2,0
DA:3,0
DA:4,0
DA:5,0
DA:6,0
DA:7,0
DA:9,0
DA:14,0
DA:22,0
DA:23,0
DA:24,0
DA:25,0
DA:27,0
DA:31,0
DA:35,0
DA:36,0
DA:37,0
DA:38,0
DA:45,0
DA:47,0
DA:49,0
DA:55,0
DA:56,0
DA:57,0
DA:64,0
DA:65,0
DA:66,0
DA:67,0
DA:68,0
DA:69,0
DA:73,0
DA:74,0
DA:75,0
DA:80,0
DA:83,0
DA:85,0
DA:86,0
DA:93,0
DA:109,0
DA:111,0
DA:117,0
DA:118,0
DA:119,0
DA:120,0
DA:123,0
DA:124,0
DA:131,0
DA:133,0
DA:144,0
DA:145,0
DA:149,0
LF:52
LH:0
BRDA:37,0,0,0
BRDA:37,0,1,0
BRDA:55,1,0,0
BRDA:55,1,1,0
BRDA:55,2,0,0
BRDA:55,2,1,0
BRDA:64,3,0,0
BRDA:64,3,1,0
BRDA:68,4,0,0
BRDA:68,4,1,0
BRDA:80,5,0,0
BRDA:80,5,1,0
BRDA:85,6,0,0
BRDA:85,6,1,0
BRDA:96,7,0,0
BRDA:96,7,1,0
BRDA:109,8,0,0
BRDA:109,8,1,0
BRDA:109,8,2,0
BRDA:111,9,0,0
BRDA:111,9,1,0
BRDA:118,10,0,0
BRDA:118,10,1,0
BRF:23
BRH:0
end_of_record
TN:
SF:routes\sheets.js
FN:14,refreshGoogleToken
FN:88,(anonymous_1)
FNF:2
FNH:0
FNDA:0,refreshGoogleToken
FNDA:0,(anonymous_1)
DA:1,0
DA:2,0
DA:3,0
DA:4,0
DA:5,0
DA:6,0
DA:8,0
DA:15,0
DA:21,0
DA:22,0
DA:25,0
DA:32,0
DA:38,0
DA:39,0
DA:40,0
DA:41,0
DA:44,0
DA:45,0
DA:47,0
DA:52,0
DA:53,0
DA:57,0
DA:60,0
DA:88,0
DA:89,0
DA:91,0
DA:92,0
DA:93,0
DA:100,0
DA:102,0
DA:109,0
DA:115,0
DA:116,0
DA:117,0
DA:124,0
DA:125,0
DA:126,0
DA:127,0
DA:128,0
DA:129,0
DA:133,0
DA:134,0
DA:135,0
DA:140,0
DA:143,0
DA:144,0
DA:150,0
DA:151,0
DA:163,0
DA:165,0
DA:166,0
DA:167,0
DA:173,0
DA:176,0
DA:177,0
DA:178,0
DA:181,0
DA:182,0
DA:184,0
DA:185,0
DA:189,0
DA:190,0
DA:191,0
DA:192,0
DA:196,0
DA:200,0
DA:207,0
DA:215,0
DA:216,0
DA:221,0
DA:233,0
DA:234,0
DA:238,0
DA:250,0
DA:256,0
DA:257,0
DA:261,0
DA:262,0
DA:266,0
DA:267,0
DA:274,0
DA:278,0
LF:82
LH:0
BRDA:21,0,0,0
BRDA:21,0,1,0
BRDA:21,1,0,0
BRDA:21,1,1,0
BRDA:38,2,0,0
BRDA:38,2,1,0
BRDA:92,3,0,0
BRDA:92,3,1,0
BRDA:115,4,0,0
BRDA:115,4,1,0
BRDA:115,5,0,0
BRDA:115,5,1,0
BRDA:124,6,0,0
BRDA:124,6,1,0
BRDA:128,7,0,0
BRDA:128,7,1,0
BRDA:140,8,0,0
BRDA:140,8,1,0
BRDA:143,9,0,0
BRDA:143,9,1,0
BRDA:144,10,0,0
BRDA:144,10,1,0
BRDA:146,11,0,0
BRDA:146,11,1,0
BRDA:165,12,0,0
BRDA:165,12,1,0
BRDA:189,13,0,0
BRDA:189,13,1,0
BRDA:189,14,0,0
BRDA:189,14,1,0
BRDA:215,15,0,0
BRDA:215,15,1,0
BRDA:233,16,0,0
BRDA:233,16,1,0
BRDA:256,17,0,0
BRDA:256,17,1,0
BRDA:256,18,0,0
BRDA:256,18,1,0
BRDA:261,19,0,0
BRDA:261,19,1,0
BRDA:261,20,0,0
BRDA:261,20,1,0
BRDA:266,21,0,0
BRDA:266,21,1,0
BRF:44
BRH:0
end_of_record
TN:
SF:routes\user.js
FN:15,(anonymous_0)
FN:67,(anonymous_1)
FN:103,(anonymous_2)
FN:137,(anonymous_3)
FN:187,(anonymous_4)
FNF:5
FNH:0
FNDA:0,(anonymous_0)
FNDA:0,(anonymous_1)
FNDA:0,(anonymous_2)
FNDA:0,(anonymous_3)
FNDA:0,(anonymous_4)
DA:1,0
DA:2,0
DA:3,0
DA:4,0
DA:6,0
DA:9,0
DA:15,0
DA:16,0
DA:17,0
DA:20,0
DA:26,0
DA:27,0
DA:28,0
DA:35,0
DA:50,0
DA:55,0
DA:56,0
DA:67,0
DA:68,0
DA:69,0
DA:71,0
DA:78,0
DA:79,0
DA:80,0
DA:86,0
DA:91,0
DA:92,0
DA:103,0
DA:104,0
DA:105,0
DA:107,0
DA:112,0
DA:113,0
DA:114,0
DA:120,0
DA:125,0
DA:126,0
DA:137,0
DA:138,0
DA:139,0
DA:141,0
DA:144,0
DA:148,0
DA:149,0
DA:153,0
DA:160,0
DA:161,0
DA:162,0
DA:168,0
DA:175,0
DA:176,0
DA:187,0
DA:188,0
DA:189,0
DA:191,0
DA:194,0
DA:199,0
DA:200,0
DA:201,0
DA:208,0
DA:213,0
DA:214,0
DA:215,0
DA:222,0
DA:224,0
DA:225,0
DA:226,0
DA:232,0
DA:237,0
DA:238,0
DA:245,0
LF:71
LH:0
BRDA:26,0,0,0
BRDA:26,0,1,0
BRDA:38,1,0,0
BRDA:38,1,1,0
BRDA:78,2,0,0
BRDA:78,2,1,0
BRDA:88,3,0,0
BRDA:88,3,1,0
BRDA:112,4,0,0
BRDA:112,4,1,0
BRDA:148,5,0,0
BRDA:148,5,1,0
BRDA:160,6,0,0
BRDA:160,6,1,0
BRDA:199,7,0,0
BRDA:199,7,1,0
BRDA:213,8,0,0
BRDA:213,8,1,0
BRDA:224,9,0,0
BRDA:224,9,1,0
BRF:20
BRH:0
end_of_record
TN:
SF:services\ai-extractor.js
FN:7,getClient
FN:19,safeParseJson
FN:37,listAvailableModels
FN:63,withTimeout
FN:66,(anonymous_4)
FN:67,(anonymous_5)
FN:72,callGemini
FN:115,(anonymous_7)
FN:124,extractData
FNF:9
FNH:0
FNDA:0,getClient
FNDA:0,safeParseJson
FNDA:0,listAvailableModels
FNDA:0,withTimeout
FNDA:0,(anonymous_4)
FNDA:0,(anonymous_5)
FNDA:0,callGemini
FNDA:0,(anonymous_7)
FNDA:0,extractData
DA:1,0
DA:2,0
DA:3,0
DA:8,0
DA:9,0
DA:10,0
DA:11,0
DA:12,0
DA:14,0
DA:16,0
DA:20,0
DA:21,0
DA:22,0
DA:23,0
DA:24,0
DA:25,0
DA:28,0
DA:29,0
DA:30,0
DA:31,0
DA:33,0
DA:38,0
DA:39,0
DA:40,0
DA:41,0
DA:42,0
DA:45,0
DA:53,0
DA:54,0
DA:58,0
DA:59,0
DA:60,0
DA:64,0
DA:67,0
DA:73,0
DA:75,0
DA:76,0
DA:78,0
DA:87,0
DA:93,0
DA:94,0
DA:95,0
DA:98,0
DA:99,0
DA:101,0
DA:103,0
DA:105,0
DA:107,0
DA:112,0
DA:113,0
DA:114,0
DA:115,0
DA:116,0
DA:120,0
DA:125,0
DA:127,0
DA:128,0
DA:130,0
DA:131,0
DA:133,0
DA:134,0
DA:137,0
LF:62
LH:0
BRDA:8,0,0,0
BRDA:8,0,1,0
BRDA:10,1,0,0
BRDA:10,1,1,0
BRDA:22,2,0,0
BRDA:22,2,1,0
BRDA:24,3,0,0
BRDA:24,3,1,0
BRDA:29,4,0,0
BRDA:29,4,1,0
BRDA:30,5,0,0
BRDA:30,5,1,0
BRDA:30,6,0,0
BRDA:30,6,1,0
BRDA:40,7,0,0
BRDA:40,7,1,0
BRDA:58,8,0,0
BRDA:58,8,1,0
BRDA:59,9,0,0
BRDA:59,9,1,0
BRDA:60,10,0,0
BRDA:60,10,1,0
BRDA:72,11,0,0
BRDA:72,12,0,0
BRDA:76,13,0,0
BRDA:76,13,1,0
BRDA:79,14,0,0
BRDA:79,14,1,0
BRDA:83,15,0,0
BRDA:83,15,1,0
BRDA:94,16,0,0
BRDA:94,16,1,0
BRDA:105,17,0,0
BRDA:105,17,1,0
BRDA:107,18,0,0
BRDA:107,18,1,0
BRDA:107,18,2,0
BRDA:107,18,3,0
BRDA:112,19,0,0
BRDA:112,19,1,0
BRDA:127,20,0,0
BRDA:127,20,1,0
BRDA:131,21,0,0
BRDA:131,21,1,0
BRF:44
BRH:0
end_of_record
TN:
SF:services\sheets-service.js
FN:7,getAIClient
FN:25,generateSheetName
FN:108,buildSmartFormattingRequests
FN:161,(anonymous_3)
FN:322,generateSmartFormatting
FN:393,dataTo2DArray
FN:400,(anonymous_6)
FN:401,(anonymous_7)
FN:407,(anonymous_8)
FN:408,(anonymous_9)
FN:429,createSpreadsheet
FNF:11
FNH:0
FNDA:0,getAIClient
FNDA:0,generateSheetName
FNDA:0,buildSmartFormattingRequests
FNDA:0,(anonymous_3)
FNDA:0,generateSmartFormatting
FNDA:0,dataTo2DArray
FNDA:0,(anonymous_6)
FNDA:0,(anonymous_7)
FNDA:0,(anonymous_8)
FNDA:0,(anonymous_9)
FNDA:0,createSpreadsheet
DA:1,0
DA:2,0
DA:3,0
DA:8,0
DA:9,0
DA:10,0
DA:11,0
DA:12,0
DA:14,0
DA:16,0
DA:26,0
DA:28,0
DA:31,0
DA:32,0
DA:33,0
DA:37,0
DA:38,0
DA:40,0
DA:58,0
DA:59,0
DA:61,0
DA:70,0
DA:73,0
DA:80,0
DA:81,0
DA:85,0
DA:86,0
DA:87,0
DA:90,0
DA:91,0
DA:94,0
DA:96,0
DA:109,0
DA:112,0
DA:136,0
DA:137,0
DA:161,0
DA:162,0
DA:164,0
DA:165,0
DA:185,0
DA:186,0
DA:206,0
DA:207,0
DA:227,0
DA:228,0
DA:248,0
DA:249,0
DA:272,0
DA:284,0
DA:285,0
DA:299,0
DA:313,0
DA:323,0
DA:325,0
DA:327,0
DA:353,0
DA:354,0
DA:363,0
DA:365,0
DA:366,0
DA:368,0
DA:373,0
DA:376,0
DA:378,0
DA:394,0
DA:395,0
DA:399,0
DA:400,0
DA:401,0
DA:404,0
DA:407,0
DA:408,0
DA:409,0
DA:411,0
DA:413,0
DA:414,0
DA:418,0
DA:430,0
DA:431,0
DA:434,0
DA:435,0
DA:437,0
DA:440,0
DA:458,0
DA:459,0
DA:460,0
DA:462,0
DA:465,0
DA:466,0
DA:469,0
DA:470,0
DA:472,0
DA:473,0
DA:474,0
DA:475,0
DA:478,0
DA:479,0
DA:480,0
DA:481,0
DA:483,0
DA:490,0
DA:500,0
DA:503,0
DA:506,0
DA:507,0
DA:508,0
DA:511,0
DA:513,0
DA:515,0
DA:540,0
DA:545,0
DA:552,0
DA:558,0
DA:565,0
DA:566,0
DA:567,0
DA:568,0
DA:569,0
DA:570,0
DA:572,0
DA:577,0
LF:122
LH:0
BRDA:8,0,0,0
BRDA:8,0,1,0
BRDA:10,1,0,0
BRDA:10,1,1,0
BRDA:31,2,0,0
BRDA:31,2,1,0
BRDA:31,3,0,0
BRDA:31,3,1,0
BRDA:80,4,0,0
BRDA:80,4,1,0
BRDA:85,5,0,0
BRDA:85,5,1,0
BRDA:85,6,0,0
BRDA:85,6,1,0
BRDA:136,7,0,0
BRDA:136,7,1,0
BRDA:164,8,0,0
BRDA:164,8,1,0
BRDA:185,9,0,0
BRDA:185,9,1,0
BRDA:206,10,0,0
BRDA:206,10,1,0
BRDA:227,11,0,0
BRDA:227,11,1,0
BRDA:248,12,0,0
BRDA:248,12,1,0
BRDA:284,13,0,0
BRDA:284,13,1,0
BRDA:369,14,0,0
BRDA:369,14,1,0
BRDA:394,15,0,0
BRDA:394,15,1,0
BRDA:394,16,0,0
BRDA:394,16,1,0
BRDA:411,17,0,0
BRDA:411,17,1,0
BRDA:411,18,0,0
BRDA:411,18,1,0
BRDA:413,19,0,0
BRDA:413,19,1,0
BRDA:429,20,0,0
BRDA:431,21,0,0
BRDA:431,21,1,0
BRDA:465,22,0,0
BRDA:465,22,1,0
BRDA:465,23,0,0
BRDA:465,23,1,0
BRDA:480,24,0,0
BRDA:480,24,1,0
BRDA:506,25,0,0
BRDA:506,25,1,0
BRDA:547,26,0,0
BRDA:547,26,1,0
BRDA:565,27,0,0
BRDA:565,27,1,0
BRDA:565,28,0,0
BRDA:565,28,1,0
BRDA:567,29,0,0
BRDA:567,29,1,0
BRDA:567,30,0,0
BRDA:567,30,1,0
BRDA:569,31,0,0
BRDA:569,31,1,0
BRDA:569,32,0,0
BRDA:569,32,1,0
BRF:65
BRH:0
end_of_record
TN:
SF:services\supabase-service.js
FN:34,getSupabaseClient
FN:44,getUserById
FN:70,getGoogleProviderToken
FN:95,(anonymous_3)
FNF:4
FNH:0
FNDA:0,getSupabaseClient
FNDA:0,getUserById
FNDA:0,getGoogleProviderToken
FNDA:0,(anonymous_3)
DA:1,0
DA:2,0
DA:6,0
DA:7,0
DA:9,0
DA:10,0
DA:11,0
DA:14,0
DA:15,0
DA:16,0
DA:19,0
DA:35,0
DA:45,0
DA:46,0
DA:52,0
DA:53,0
DA:54,0
DA:57,0
DA:59,0
DA:60,0
DA:71,0
DA:74,0
DA:81,0
DA:84,0
DA:87,0
DA:89,0
DA:90,0
DA:91,0
DA:95,0
DA:97,0
DA:98,0
DA:99,0
DA:104,0
DA:105,0
DA:108,0
DA:110,0
DA:111,0
DA:116,0
LF:38
LH:0
BRDA:9,0,0,0
BRDA:9,0,1,0
BRDA:14,1,0,0
BRDA:14,1,1,0
BRDA:52,2,0,0
BRDA:52,2,1,0
BRDA:81,3,0,0
BRDA:81,3,1,0
BRDA:89,4,0,0
BRDA:89,4,1,0
BRDA:89,5,0,0
BRDA:89,5,1,0
BRDA:97,6,0,0
BRDA:97,6,1,0
BRDA:97,7,0,0
BRDA:97,7,1,0
BRDA:108,8,0,0
BRDA:108,8,1,0
BRF:18
BRH:0
end_of_record
TN:
SF:utils\csv-converter.js
FN:1,escapeCSVField
FN:12,convertToCSV
FN:20,(anonymous_2)
FN:21,(anonymous_3)
FNF:4
FNH:0
FNDA:0,escapeCSVField
FNDA:0,convertToCSV
FNDA:0,(anonymous_2)
FNDA:0,(anonymous_3)
DA:2,0
DA:3,0
DA:5,0
DA:6,0
DA:7,0
DA:9,0
DA:13,0
DA:14,0
DA:17,0
DA:18,0
DA:20,0
DA:21,0
DA:24,0
DA:27,0
LF:14
LH:0
BRDA:2,0,0,0
BRDA:2,0,1,0
BRDA:2,1,0,0
BRDA:2,1,1,0
BRDA:6,2,0,0
BRDA:6,2,1,0
BRDA:6,3,0,0
BRDA:6,3,1,0
BRDA:6,3,2,0
BRDA:13,4,0,0
BRDA:13,4,1,0
BRDA:13,5,0,0
BRDA:13,5,1,0
BRDA:21,6,0,0
BRDA:21,6,1,0
BRF:15
BRH:0
end_of_record
TN:
SF:utils\html-cleaner.js
FN:20,cleanRawHtml
FN:25,hasTextContent
FN:31,hasHiddenInlineStyle
FN:48,(anonymous_3)
FN:53,(anonymous_4)
FN:58,(anonymous_5)
FN:63,(anonymous_6)
FN:69,(anonymous_7)
FN:70,(anonymous_8)
FN:82,(anonymous_9)
FN:85,(anonymous_10)
FN:99,(anonymous_11)
FN:115,(anonymous_12)
FN:118,(anonymous_13)
FN:142,(anonymous_14)
FN:145,(anonymous_15)
FN:173,(anonymous_16)
FN:176,(anonymous_17)
FN:201,(anonymous_18)
FN:204,(anonymous_19)
FN:235,(anonymous_20)
FN:244,(anonymous_21)
FN:254,(anonymous_22)
FN:279,(anonymous_23)
FN:299,cleanHTMLString
FNF:25
FNH:1
FNDA:0,cleanRawHtml
FNDA:0,hasTextContent
FNDA:0,hasHiddenInlineStyle
FNDA:0,(anonymous_3)
FNDA:0,(anonymous_4)
FNDA:0,(anonymous_5)
FNDA:0,(anonymous_6)
FNDA:0,(anonymous_7)
FNDA:0,(anonymous_8)
FNDA:0,(anonymous_9)
FNDA:0,(anonymous_10)
FNDA:0,(anonymous_11)
FNDA:0,(anonymous_12)
FNDA:0,(anonymous_13)
FNDA:0,(anonymous_14)
FNDA:0,(anonymous_15)
FNDA:0,(anonymous_16)
FNDA:0,(anonymous_17)
FNDA:0,(anonymous_18)
FNDA:0,(anonymous_19)
FNDA:0,(anonymous_20)
FNDA:0,(anonymous_21)
FNDA:0,(anonymous_22)
FNDA:0,(anonymous_23)
FNDA:38,cleanHTMLString
DA:1,1
DA:22,0
DA:26,0
DA:27,0
DA:32,0
DA:33,0
DA:36,0
DA:37,0
DA:38,0
DA:41,0
DA:44,0
DA:47,0
DA:48,0
DA:49,0
DA:52,0
DA:53,0
DA:54,0
DA:57,0
DA:58,0
DA:59,0
DA:62,0
DA:63,0
DA:64,0
DA:67,0
DA:68,0
DA:69,0
DA:70,0
DA:71,0
DA:75,0
DA:82,0
DA:83,0
DA:84,0
DA:85,0
DA:86,0
DA:87,0
DA:88,0
DA:98,0
DA:99,0
DA:100,0
DA:101,0
DA:102,0
DA:107,0
DA:115,0
DA:116,0
DA:117,0
DA:118,0
DA:120,0
DA:121,0
DA:122,0
DA:123,0
DA:133,0
DA:142,0
DA:143,0
DA:144,0
DA:145,0
DA:147,0
DA:148,0
DA:149,0
DA:151,0
DA:152,0
DA:162,0
DA:173,0
DA:174,0
DA:175,0
DA:176,0
DA:179,0
DA:180,0
DA:181,0
DA:182,0
DA:192,0
DA:201,0
DA:202,0
DA:203,0
DA:204,0
DA:207,0
DA:208,0
DA:210,0
DA:213,0
DA:214,0
DA:215,0
DA:224,0
DA:230,0
DA:232,0
DA:233,0
DA:235,0
DA:236,0
DA:237,0
DA:242,0
DA:243,0
DA:244,0
DA:246,0
DA:247,0
DA:248,0
DA:249,0
DA:251,0
DA:254,0
DA:255,0
DA:256,0
DA:262,0
DA:263,0
DA:266,0
DA:273,0
DA:274,0
DA:277,0
DA:278,0
DA:279,0
DA:280,0
DA:281,0
DA:288,0
DA:300,38
DA:302,35
DA:305,35
DA:311,35
DA:314,35
DA:317,35
DA:322,35
DA:328,35
DA:335,35
DA:338,35
DA:345,35
DA:346,35
DA:351,35
DA:355,1
LF:123
LH:15
BRDA:26,0,0,0
BRDA:26,0,1,0
BRDA:32,1,0,0
BRDA:32,1,1,0
BRDA:37,2,0,0
BRDA:37,2,1,0
BRDA:37,3,0,0
BRDA:37,3,1,0
BRDA:37,3,2,0
BRDA:86,4,0,0
BRDA:86,4,1,0
BRDA:100,5,0,0
BRDA:100,5,1,0
BRDA:120,6,0,0
BRDA:120,6,1,0
BRDA:121,7,0,0
BRDA:121,7,1,0
BRDA:121,8,0,0
BRDA:121,8,1,0
BRDA:149,9,0,0
BRDA:149,9,1,0
BRDA:149,10,0,0
BRDA:149,10,1,0
BRDA:149,10,2,0
BRDA:149,10,3,0
BRDA:149,10,4,0
BRDA:179,11,0,0
BRDA:179,11,1,0
BRDA:180,12,0,0
BRDA:180,12,1,0
BRDA:207,13,0,0
BRDA:207,13,1,0
BRDA:208,14,0,0
BRDA:208,14,1,0
BRDA:210,15,0,0
BRDA:210,15,1,0
BRDA:213,16,0,0
BRDA:213,16,1,0
BRDA:213,17,0,0
BRDA:213,17,1,0
BRDA:249,18,0,0
BRDA:249,18,1,0
BRDA:249,19,0,0
BRDA:249,19,1,0
BRDA:249,19,2,0
BRDA:249,19,3,0
BRDA:249,19,4,0
BRDA:300,20,0,3
BRDA:300,20,1,35
BRF:49
BRH:2
end_of_record
TN:
SF:utils\logger.js
FN:39,(anonymous_0)
FN:91,(anonymous_1)
FNF:2
FNH:0
FNDA:0,(anonymous_0)
FNDA:0,(anonymous_1)
DA:1,0
DA:2,0
DA:3,0
DA:4,0
DA:7,0
DA:16,0
DA:25,0
DA:28,0
DA:36,0
DA:40,0
DA:41,0
DA:42,0
DA:47,0
DA:68,0
DA:69,0
DA:81,0
DA:90,0
DA:92,0
DA:96,0
LF:19
LH:0
BRDA:41,0,0,0
BRDA:41,0,1,0
BRDA:51,1,0,0
BRDA:51,1,1,0
BRDA:68,2,0,0
BRDA:68,2,1,0
BRDA:82,3,0,0
BRDA:82,3,1,0
BRF:8
BRH:0
end_of_record
TN:
SF:utils\prompt-builder.js
FN:1,buildPrompt
FNF:1
FNH:0
FNDA:0,buildPrompt
DA:2,0
DA:21,0
LF:2
LH:0
BRF:0
BRH:0
end_of_record
